Base path: /Applications/Unity/Unity.app/Contents
Pipe name: \\.\pipe\UnityShaderCompiler-64bit-2-744894464
Cmd: getPlatforms
Cmd: compileSnippet
  api=0 type=0 insize=554273 outsize=18957 kw=LIGHTMAP_OFF DIRLIGHTMAP_OFF DYNAMICLIGHTMAP_OFF LOD_FADE_CROSSFADE HDR_LIGHT_PREPASS_OFF EFFECT_HUE_VARIATION GEOM_TYPE_LEAF ok=1
Cmd: compileSnippet
  api=0 type=0 insize=554273 outsize=18957 kw=LIGHTMAP_OFF DIRLIGHTMAP_OFF DYNAMICLIGHTMAP_OFF LOD_FADE_CROSSFADE HDR_LIGHT_PREPASS_OFF EFFECT_BUMP EFFECT_HUE_VARIATION GEOM_TYPE_LEAF ok=1
Cmd: compileSnippet
  api=0 type=0 insize=554273 outsize=18706 kw=LIGHTMAP_OFF DIRLIGHTMAP_OFF DYNAMICLIGHTMAP_OFF LOD_FADE_CROSSFADE HDR_LIGHT_PREPASS_OFF GEOM_TYPE_FACING_LEAF ok=1
Cmd: compileSnippet
  api=0 type=0 insize=554273 outsize=19363 kw=LIGHTMAP_OFF DIRLIGHTMAP_OFF DYNAMICLIGHTMAP_OFF LOD_FADE_CROSSFADE HDR_LIGHT_PREPASS_OFF EFFECT_HUE_VARIATION GEOM_TYPE_FACING_LEAF ok=1
Cmd: compileSnippet
  api=0 type=0 insize=554273 outsize=19363 kw=LIGHTMAP_OFF DIRLIGHTMAP_OFF DYNAMICLIGHTMAP_OFF LOD_FADE_CROSSFADE HDR_LIGHT_PREPASS_OFF EFFECT_BUMP EFFECT_HUE_VARIATION GEOM_TYPE_FACING_LEAF ok=1
Cmd: compileSnippet
  api=0 type=1 insize=554273 outsize=6 kw=LIGHTMAP_OFF DIRLIGHTMAP_OFF DYNAMICLIGHTMAP_OFF UNITY_HDR_ON GEOM_TYPE_BRANCH ok=1
Cmd: compileSnippet
  api=0 type=1 insize=554273 outsize=6 kw=LIGHTMAP_OFF DIRLIGHTMAP_OFF DYNAMICLIGHTMAP_OFF HDR_LIGHT_PREPASS_OFF EFFECT_HUE_VARIATION GEOM_TYPE_BRANCH ok=1
Cmd: compileSnippet
  api=0 type=1 insize=554273 outsize=6 kw=LIGHTMAP_OFF DIRLIGHTMAP_OFF DYNAMICLIGHTMAP_OFF HDR_LIGHT_PREPASS_OFF EFFECT_BUMP EFFECT_HUE_VARIATION GEOM_TYPE_BRANCH ok=1
Cmd: compileSnippet
  api=0 type=1 insize=554273 outsize=6 kw=LIGHTMAP_OFF DIRLIGHTMAP_OFF DYNAMICLIGHTMAP_OFF HDR_LIGHT_PREPASS_OFF GEOM_TYPE_BRANCH_BLEND ok=1
Cmd: compileSnippet
  api=0 type=1 insize=554273 outsize=6 kw=LIGHTMAP_OFF DIRLIGHTMAP_OFF DYNAMICLIGHTMAP_OFF HDR_LIGHT_PREPASS_OFF EFFECT_HUE_VARIATION GEOM_TYPE_BRANCH_BLEND ok=1
Cmd: compileSnippet
  api=0 type=1 insize=554273 outsize=6 kw=LIGHTMAP_OFF DIRLIGHTMAP_OFF DYNAMICLIGHTMAP_OFF HDR_LIGHT_PREPASS_OFF EFFECT_BUMP EFFECT_HUE_VARIATION GEOM_TYPE_BRANCH_BLEND ok=1
Cmd: compileSnippet
  api=0 type=1 insize=554273 outsize=6 kw=LIGHTMAP_OFF DIRLIGHTMAP_OFF DYNAMICLIGHTMAP_OFF HDR_LIGHT_PREPASS_OFF GEOM_TYPE_FROND ok=1
Cmd: compileSnippet
  api=0 type=1 insize=554273 outsize=6 kw=LIGHTMAP_OFF DIRLIGHTMAP_OFF DYNAMICLIGHTMAP_OFF HDR_LIGHT_PREPASS_OFF EFFECT_HUE_VARIATION GEOM_TYPE_FROND ok=1
Cmd: compileSnippet
  api=0 type=1 insize=554273 outsize=6 kw=LIGHTMAP_OFF DIRLIGHTMAP_OFF DYNAMICLIGHTMAP_OFF UNITY_HDR_ON EFFECT_BUMP EFFECT_HUE_VARIATION GEOM_TYPE_FROND ok=1
Cmd: compileSnippet
  api=0 type=1 insize=554273 outsize=6 kw=LIGHTMAP_OFF DIRLIGHTMAP_OFF DYNAMICLIGHTMAP_OFF HDR_LIGHT_PREPASS_OFF GEOM_TYPE_LEAF ok=1
Cmd: compileSnippet
  api=0 type=1 insize=554273 outsize=6 kw=LIGHTMAP_OFF DIRLIGHTMAP_OFF DYNAMICLIGHTMAP_OFF HDR_LIGHT_PREPASS_OFF EFFECT_HUE_VARIATION GEOM_TYPE_LEAF ok=1
Cmd: compileSnippet
  api=0 type=1 insize=554273 outsize=6 kw=LIGHTMAP_OFF DIRLIGHTMAP_OFF DYNAMICLIGHTMAP_OFF UNITY_HDR_ON EFFECT_BUMP EFFECT_HUE_VARIATION GEOM_TYPE_LEAF ok=1
Cmd: compileSnippet
  api=0 type=1 insize=554273 outsize=6 kw=LIGHTMAP_OFF DIRLIGHTMAP_OFF DYNAMICLIGHTMAP_OFF UNITY_HDR_ON GEOM_TYPE_FACING_LEAF ok=1
Cmd: compileSnippet
  api=0 type=1 insize=554273 outsize=6 kw=LIGHTMAP_OFF DIRLIGHTMAP_OFF DYNAMICLIGHTMAP_OFF UNITY_HDR_ON EFFECT_HUE_VARIATION GEOM_TYPE_FACING_LEAF ok=1
Cmd: compileSnippet
  api=0 type=1 insize=554273 outsize=6 kw=LIGHTMAP_OFF DIRLIGHTMAP_OFF DYNAMICLIGHTMAP_OFF UNITY_HDR_ON EFFECT_BUMP EFFECT_HUE_VARIATION GEOM_TYPE_FACING_LEAF ok=1
Cmd: compileSnippet
  api=0 type=1 insize=554273 outsize=6 kw=LIGHTMAP_OFF DIRLIGHTMAP_OFF DYNAMICLIGHTMAP_OFF LOD_FADE_PERCENTAGE HDR_LIGHT_PREPASS_OFF GEOM_TYPE_BRANCH ok=1
Cmd: compileSnippet
  api=0 type=1 insize=554273 outsize=6 kw=LIGHTMAP_OFF DIRLIGHTMAP_OFF DYNAMICLIGHTMAP_OFF LOD_FADE_PERCENTAGE HDR_LIGHT_PREPASS_OFF EFFECT_HUE_VARIATION GEOM_TYPE_BRANCH ok=1
Cmd: compileSnippet
  api=0 type=1 insize=554273 outsize=6 kw=LIGHTMAP_OFF DIRLIGHTMAP_OFF DYNAMICLIGHTMAP_OFF LOD_FADE_PERCENTAGE HDR_LIGHT_PREPASS_OFF EFFECT_BUMP EFFECT_HUE_VARIATION GEOM_TYPE_BRANCH ok=1
Cmd: compileSnippet
  api=0 type=1 insize=554273 outsize=6 kw=LIGHTMAP_OFF DIRLIGHTMAP_OFF DYNAMICLIGHTMAP_OFF LOD_FADE_PERCENTAGE HDR_LIGHT_PREPASS_OFF GEOM_TYPE_BRANCH_BLEND ok=1
Cmd: compileSnippet
  api=0 type=1 insize=554273 outsize=6 kw=LIGHTMAP_OFF DIRLIGHTMAP_OFF DYNAMICLIGHTMAP_OFF LOD_FADE_PERCENTAGE HDR_LIGHT_PREPASS_OFF EFFECT_HUE_VARIATION GEOM_TYPE_BRANCH_BLEND ok=1
Cmd: compileSnippet
  api=0 type=1 insize=554273 outsize=6 kw=LIGHTMAP_OFF DIRLIGHTMAP_OFF DYNAMICLIGHTMAP_OFF LOD_FADE_PERCENTAGE HDR_LIGHT_PREPASS_OFF EFFECT_BUMP EFFECT_HUE_VARIATION GEOM_TYPE_BRANCH_BLEND ok=1
Cmd: compileSnippet
  api=0 type=1 insize=554273 outsize=6 kw=LIGHTMAP_OFF DIRLIGHTMAP_OFF DYNAMICLIGHTMAP_OFF UNITY_HDR_ON LOD_FADE_PERCENTAGE GEOM_TYPE_FROND ok=1
Cmd: compileSnippet
  api=0 type=1 insize=554273 outsize=6 kw=LIGHTMAP_OFF DIRLIGHTMAP_OFF DYNAMICLIGHTMAP_OFF LOD_FADE_PERCENTAGE HDR_LIGHT_PREPASS_OFF EFFECT_HUE_VARIATION GEOM_TYPE_FROND ok=1
Cmd: compileSnippet
  api=0 type=1 insize=554273 outsize=6 kw=LIGHTMAP_OFF DIRLIGHTMAP_OFF DYNAMICLIGHTMAP_OFF UNITY_HDR_ON LOD_FADE_PERCENTAGE EFFECT_BUMP EFFECT_HUE_VARIATION GEOM_TYPE_FROND ok=1
Cmd: compileSnippet
  api=0 type=1 insize=554273 outsize=6 kw=LIGHTMAP_OFF DIRLIGHTMAP_OFF DYNAMICLIGHTMAP_OFF LOD_FADE_PERCENTAGE HDR_LIGHT_PREPASS_OFF GEOM_TYPE_LEAF ok=1
Cmd: compileSnippet
  api=0 type=1 insize=554273 outsize=6 kw=LIGHTMAP_OFF DIRLIGHTMAP_OFF DYNAMICLIGHTMAP_OFF UNITY_HDR_ON LOD_FADE_PERCENTAGE EFFECT_HUE_VARIATION GEOM_TYPE_LEAF ok=1
Cmd: compileSnippet
  api=0 type=1 insize=554273 outsize=6 kw=LIGHTMAP_OFF DIRLIGHTMAP_OFF DYNAMICLIGHTMAP_OFF UNITY_HDR_ON LOD_FADE_PERCENTAGE EFFECT_BUMP EFFECT_HUE_VARIATION GEOM_TYPE_LEAF ok=1
Cmd: compileSnippet
  api=0 type=1 insize=554273 outsize=6 kw=LIGHTMAP_OFF DIRLIGHTMAP_OFF DYNAMICLIGHTMAP_OFF LOD_FADE_PERCENTAGE HDR_LIGHT_PREPASS_OFF GEOM_TYPE_FACING_LEAF ok=1
Cmd: compileSnippet
  api=0 type=1 insize=554273 outsize=6 kw=LIGHTMAP_OFF DIRLIGHTMAP_OFF DYNAMICLIGHTMAP_OFF LOD_FADE_PERCENTAGE HDR_LIGHT_PREPASS_OFF EFFECT_HUE_VARIATION GEOM_TYPE_FACING_LEAF ok=1
Cmd: compileSnippet
  api=0 type=1 insize=554273 outsize=6 kw=LIGHTMAP_OFF DIRLIGHTMAP_OFF DYNAMICLIGHTMAP_OFF UNITY_HDR_ON LOD_FADE_PERCENTAGE EFFECT_BUMP EFFECT_HUE_VARIATION GEOM_TYPE_FACING_LEAF ok=1
Cmd: compileSnippet
  api=0 type=1 insize=554273 outsize=6 kw=LIGHTMAP_OFF DIRLIGHTMAP_OFF DYNAMICLIGHTMAP_OFF UNITY_HDR_ON LOD_FADE_CROSSFADE GEOM_TYPE_BRANCH ok=1
Cmd: compileSnippet
  api=0 type=1 insize=554273 outsize=6 kw=LIGHTMAP_OFF DIRLIGHTMAP_OFF DYNAMICLIGHTMAP_OFF LOD_FADE_CROSSFADE HDR_LIGHT_PREPASS_OFF EFFECT_HUE_VARIATION GEOM_TYPE_BRANCH ok=1
Cmd: compileSnippet
  api=0 type=1 insize=554273 outsize=6 kw=LIGHTMAP_OFF DIRLIGHTMAP_OFF DYNAMICLIGHTMAP_OFF UNITY_HDR_ON LOD_FADE_CROSSFADE EFFECT_BUMP EFFECT_HUE_VARIATION GEOM_TYPE_BRANCH ok=1
Cmd: compileSnippet
  api=0 type=1 insize=554273 outsize=6 kw=LIGHTMAP_OFF DIRLIGHTMAP_OFF DYNAMICLIGHTMAP_OFF UNITY_HDR_ON LOD_FADE_CROSSFADE GEOM_TYPE_BRANCH_BLEND ok=1
Cmd: compileSnippet
  api=0 type=1 insize=554273 outsize=6 kw=LIGHTMAP_OFF DIRLIGHTMAP_OFF DYNAMICLIGHTMAP_OFF LOD_FADE_CROSSFADE HDR_LIGHT_PREPASS_OFF EFFECT_HUE_VARIATION GEOM_TYPE_BRANCH_BLEND ok=1
Cmd: compileSnippet
  api=0 type=1 insize=554273 outsize=6 kw=LIGHTMAP_OFF DIRLIGHTMAP_OFF DYNAMICLIGHTMAP_OFF LOD_FADE_CROSSFADE HDR_LIGHT_PREPASS_OFF EFFECT_BUMP EFFECT_HUE_VARIATION GEOM_TYPE_BRANCH_BLEND ok=1
Cmd: compileSnippet
  api=0 type=1 insize=554273 outsize=6 kw=LIGHTMAP_OFF DIRLIGHTMAP_OFF DYNAMICLIGHTMAP_OFF LOD_FADE_CROSSFADE HDR_LIGHT_PREPASS_OFF GEOM_TYPE_FROND ok=1
Cmd: compileSnippet
  api=0 type=1 insize=554273 outsize=6 kw=LIGHTMAP_OFF DIRLIGHTMAP_OFF DYNAMICLIGHTMAP_OFF UNITY_HDR_ON LOD_FADE_CROSSFADE EFFECT_HUE_VARIATION GEOM_TYPE_FROND ok=1
Cmd: compileSnippet
  api=0 type=1 insize=554273 outsize=6 kw=LIGHTMAP_OFF DIRLIGHTMAP_OFF DYNAMICLIGHTMAP_OFF UNITY_HDR_ON LOD_FADE_CROSSFADE EFFECT_BUMP EFFECT_HUE_VARIATION GEOM_TYPE_FROND ok=1
Cmd: compileSnippet
  api=0 type=1 insize=554273 outsize=6 kw=LIGHTMAP_OFF DIRLIGHTMAP_OFF DYNAMICLIGHTMAP_OFF UNITY_HDR_ON LOD_FADE_CROSSFADE GEOM_TYPE_LEAF ok=1
Cmd: compileSnippet
  api=0 type=1 insize=554273 outsize=6 kw=LIGHTMAP_OFF DIRLIGHTMAP_OFF DYNAMICLIGHTMAP_OFF LOD_FADE_CROSSFADE HDR_LIGHT_PREPASS_OFF EFFECT_HUE_VARIATION GEOM_TYPE_LEAF ok=1
Cmd: compileSnippet
  api=0 type=1 insize=554273 outsize=6 kw=LIGHTMAP_OFF DIRLIGHTMAP_OFF DYNAMICLIGHTMAP_OFF LOD_FADE_CROSSFADE HDR_LIGHT_PREPASS_OFF EFFECT_BUMP EFFECT_HUE_VARIATION GEOM_TYPE_LEAF ok=1
Cmd: compileSnippet
  api=0 type=1 insize=554273 outsize=6 kw=LIGHTMAP_OFF DIRLIGHTMAP_OFF DYNAMICLIGHTMAP_OFF LOD_FADE_CROSSFADE HDR_LIGHT_PREPASS_OFF GEOM_TYPE_FACING_LEAF ok=1
Cmd: compileSnippet
  api=0 type=1 insize=554273 outsize=6 kw=LIGHTMAP_OFF DIRLIGHTMAP_OFF DYNAMICLIGHTMAP_OFF LOD_FADE_CROSSFADE HDR_LIGHT_PREPASS_OFF EFFECT_HUE_VARIATION GEOM_TYPE_FACING_LEAF ok=1
Cmd: compileSnippet
  api=0 type=1 insize=554273 outsize=6 kw=LIGHTMAP_OFF DIRLIGHTMAP_OFF DYNAMICLIGHTMAP_OFF LOD_FADE_CROSSFADE HDR_LIGHT_PREPASS_OFF EFFECT_BUMP EFFECT_HUE_VARIATION GEOM_TYPE_FACING_LEAF ok=1
Cmd: compileSnippet
  api=0 type=0 insize=594593 outsize=9641 kw=LIGHTMAP_OFF DIRLIGHTMAP_OFF DYNAMICLIGHTMAP_OFF UNITY_HDR_ON GEOM_TYPE_BRANCH ok=1
Cmd: compileSnippet
  api=0 type=0 insize=594593 outsize=10422 kw=LIGHTMAP_OFF DIRLIGHTMAP_OFF DYNAMICLIGHTMAP_OFF HDR_LIGHT_PREPASS_OFF EFFECT_HUE_VARIATION GEOM_TYPE_BRANCH ok=1
Cmd: compileSnippet
  api=0 type=0 insize=594593 outsize=11699 kw=LIGHTMAP_OFF DIRLIGHTMAP_OFF DYNAMICLIGHTMAP_OFF HDR_LIGHT_PREPASS_OFF EFFECT_BUMP EFFECT_HUE_VARIATION GEOM_TYPE_BRANCH ok=1
Cmd: compileSnippet
  api=0 type=0 insize=594593 outsize=10056 kw=LIGHTMAP_OFF DIRLIGHTMAP_OFF DYNAMICLIGHTMAP_OFF UNITY_HDR_ON GEOM_TYPE_BRANCH_BLEND ok=1
Cmd: compileSnippet
  api=0 type=0 insize=594593 outsize=10648 kw=LIGHTMAP_OFF DIRLIGHTMAP_OFF DYNAMICLIGHTMAP_OFF UNITY_HDR_ON EFFECT_HUE_VARIATION GEOM_TYPE_BRANCH_BLEND ok=1
Cmd: compileSnippet
  api=0 type=0 insize=594593 outsize=11923 kw=LIGHTMAP_OFF DIRLIGHTMAP_OFF DYNAMICLIGHTMAP_OFF UNITY_HDR_ON EFFECT_BUMP EFFECT_HUE_VARIATION GEOM_TYPE_BRANCH_BLEND ok=1
Cmd: compileSnippet
  api=0 type=0 insize=594593 outsize=10642 kw=LIGHTMAP_OFF DIRLIGHTMAP_OFF DYNAMICLIGHTMAP_OFF UNITY_HDR_ON GEOM_TYPE_FROND ok=1
Cmd: compileSnippet
  api=0 type=0 insize=594593 outsize=11391 kw=LIGHTMAP_OFF DIRLIGHTMAP_OFF DYNAMICLIGHTMAP_OFF HDR_LIGHT_PREPASS_OFF EFFECT_HUE_VARIATION GEOM_TYPE_FROND ok=1
Cmd: compileSnippet
  api=0 type=0 insize=594593 outsize=12671 kw=LIGHTMAP_OFF DIRLIGHTMAP_OFF DYNAMICLIGHTMAP_OFF HDR_LIGHT_PREPASS_OFF EFFECT_BUMP EFFECT_HUE_VARIATION GEOM_TYPE_FROND ok=1
Cmd: compileSnippet
  api=0 type=0 insize=594593 outsize=17397 kw=LIGHTMAP_OFF DIRLIGHTMAP_OFF DYNAMICLIGHTMAP_OFF HDR_LIGHT_PREPASS_OFF GEOM_TYPE_LEAF ok=1
Cmd: compileSnippet
  api=0 type=0 insize=594593 outsize=17935 kw=LIGHTMAP_OFF DIRLIGHTMAP_OFF DYNAMICLIGHTMAP_OFF UNITY_HDR_ON EFFECT_HUE_VARIATION GEOM_TYPE_LEAF ok=1
Cmd: compileSnippet
  api=0 type=0 insize=594593 outsize=19234 kw=LIGHTMAP_OFF DIRLIGHTMAP_OFF DYNAMICLIGHTMAP_OFF UNITY_HDR_ON EFFECT_BUMP EFFECT_HUE_VARIATION GEOM_TYPE_LEAF ok=1
Cmd: compileSnippet
  api=0 type=0 insize=594593 outsize=17678 kw=LIGHTMAP_OFF DIRLIGHTMAP_OFF DYNAMICLIGHTMAP_OFF UNITY_HDR_ON GEOM_TYPE_FACING_LEAF ok=1
Cmd: compileSnippet
  api=0 type=0 insize=594593 outsize=18332 kw=LIGHTMAP_OFF DIRLIGHTMAP_OFF DYNAMICLIGHTMAP_OFF UNITY_HDR_ON EFFECT_HUE_VARIATION GEOM_TYPE_FACING_LEAF ok=1
Cmd: compileSnippet
  api=0 type=0 insize=594593 outsize=19642 kw=LIGHTMAP_OFF DIRLIGHTMAP_OFF DYNAMICLIGHTMAP_OFF UNITY_HDR_ON EFFECT_BUMP EFFECT_HUE_VARIATION GEOM_TYPE_FACING_LEAF ok=1
Cmd: compileSnippet
  api=0 type=0 insize=594593 outsize=9747 kw=LIGHTMAP_OFF DIRLIGHTMAP_OFF DYNAMICLIGHTMAP_OFF UNITY_HDR_ON LOD_FADE_PERCENTAGE GEOM_TYPE_BRANCH ok=1
Cmd: compileSnippet
  api=0 type=0 insize=594593 outsize=10418 kw=LIGHTMAP_OFF DIRLIGHTMAP_OFF DYNAMICLIGHTMAP_OFF UNITY_HDR_ON LOD_FADE_PERCENTAGE EFFECT_HUE_VARIATION GEOM_TYPE_BRANCH ok=1
Cmd: compileSnippet
  api=0 type=0 insize=594593 outsize=11693 kw=LIGHTMAP_OFF DIRLIGHTMAP_OFF DYNAMICLIGHTMAP_OFF UNITY_HDR_ON LOD_FADE_PERCENTAGE EFFECT_BUMP EFFECT_HUE_VARIATION GEOM_TYPE_BRANCH ok=1
Cmd: compileSnippet
  api=0 type=0 insize=594593 outsize=10158 kw=LIGHTMAP_OFF DIRLIGHTMAP_OFF DYNAMICLIGHTMAP_OFF UNITY_HDR_ON LOD_FADE_PERCENTAGE GEOM_TYPE_BRANCH_BLEND ok=1
Cmd: compileSnippet
  api=0 type=0 insize=594593 outsize=10756 kw=LIGHTMAP_OFF DIRLIGHTMAP_OFF DYNAMICLIGHTMAP_OFF UNITY_HDR_ON LOD_FADE_PERCENTAGE EFFECT_HUE_VARIATION GEOM_TYPE_BRANCH_BLEND ok=1
Cmd: compileSnippet
  api=0 type=0 insize=594593 outsize=12031 kw=LIGHTMAP_OFF DIRLIGHTMAP_OFF DYNAMICLIGHTMAP_OFF UNITY_HDR_ON LOD_FADE_PERCENTAGE EFFECT_BUMP EFFECT_HUE_VARIATION GEOM_TYPE_BRANCH_BLEND ok=1
Cmd: compileSnippet
  api=0 type=0 insize=594593 outsize=10743 kw=LIGHTMAP_OFF DIRLIGHTMAP_OFF DYNAMICLIGHTMAP_OFF UNITY_HDR_ON LOD_FADE_PERCENTAGE GEOM_TYPE_FROND ok=1
Cmd: compileSnippet
  api=0 type=0 insize=594593 outsize=11499 kw=LIGHTMAP_OFF DIRLIGHTMAP_OFF DYNAMICLIGHTMAP_OFF LOD_FADE_PERCENTAGE HDR_LIGHT_PREPASS_OFF EFFECT_HUE_VARIATION GEOM_TYPE_FROND ok=1
Cmd: compileSnippet
  api=0 type=0 insize=594593 outsize=12664 kw=LIGHTMAP_OFF DIRLIGHTMAP_OFF DYNAMICLIGHTMAP_OFF UNITY_HDR_ON LOD_FADE_PERCENTAGE EFFECT_BUMP EFFECT_HUE_VARIATION GEOM_TYPE_FROND ok=1
Cmd: compileSnippet
  api=0 type=0 insize=594593 outsize=17592 kw=LIGHTMAP_OFF DIRLIGHTMAP_OFF DYNAMICLIGHTMAP_OFF UNITY_HDR_ON LOD_FADE_PERCENTAGE GEOM_TYPE_LEAF ok=1
Cmd: compileSnippet
  api=0 type=0 insize=594593 outsize=18349 kw=LIGHTMAP_OFF DIRLIGHTMAP_OFF DYNAMICLIGHTMAP_OFF LOD_FADE_PERCENTAGE HDR_LIGHT_PREPASS_OFF EFFECT_HUE_VARIATION GEOM_TYPE_LEAF ok=1
Cmd: compileSnippet
  api=0 type=0 insize=594593 outsize=19669 kw=LIGHTMAP_OFF DIRLIGHTMAP_OFF DYNAMICLIGHTMAP_OFF LOD_FADE_PERCENTAGE HDR_LIGHT_PREPASS_OFF EFFECT_BUMP EFFECT_HUE_VARIATION GEOM_TYPE_LEAF ok=1
Cmd: compileSnippet
  api=0 type=0 insize=594593 outsize=17795 kw=LIGHTMAP_OFF DIRLIGHTMAP_OFF DYNAMICLIGHTMAP_OFF UNITY_HDR_ON LOD_FADE_PERCENTAGE GEOM_TYPE_FACING_LEAF ok=1
Cmd: compileSnippet
  api=0 type=0 insize=594593 outsize=18563 kw=LIGHTMAP_OFF DIRLIGHTMAP_OFF DYNAMICLIGHTMAP_OFF LOD_FADE_PERCENTAGE HDR_LIGHT_PREPASS_OFF EFFECT_HUE_VARIATION GEOM_TYPE_FACING_LEAF ok=1
Cmd: compileSnippet
  api=0 type=0 insize=594593 outsize=19761 kw=LIGHTMAP_OFF DIRLIGHTMAP_OFF DYNAMICLIGHTMAP_OFF UNITY_HDR_ON LOD_FADE_PERCENTAGE EFFECT_BUMP EFFECT_HUE_VARIATION GEOM_TYPE_FACING_LEAF ok=1
Cmd: compileSnippet
  api=0 type=0 insize=594593 outsize=10657 kw=LIGHTMAP_OFF DIRLIGHTMAP_OFF DYNAMICLIGHTMAP_OFF LOD_FADE_CROSSFADE HDR_LIGHT_PREPASS_OFF GEOM_TYPE_BRANCH ok=1
Cmd: compileSnippet
  api=0 type=0 insize=594593 outsize=11228 kw=LIGHTMAP_OFF DIRLIGHTMAP_OFF DYNAMICLIGHTMAP_OFF UNITY_HDR_ON LOD_FADE_CROSSFADE EFFECT_HUE_VARIATION GEOM_TYPE_BRANCH ok=1
Cmd: compileSnippet
  api=0 type=0 insize=594593 outsize=12508 kw=LIGHTMAP_OFF DIRLIGHTMAP_OFF DYNAMICLIGHTMAP_OFF UNITY_HDR_ON LOD_FADE_CROSSFADE EFFECT_BUMP EFFECT_HUE_VARIATION GEOM_TYPE_BRANCH ok=1
Cmd: compileSnippet
  api=0 type=0 insize=594593 outsize=10970 kw=LIGHTMAP_OFF DIRLIGHTMAP_OFF DYNAMICLIGHTMAP_OFF UNITY_HDR_ON LOD_FADE_CROSSFADE GEOM_TYPE_BRANCH_BLEND ok=1
Cmd: compileSnippet
  api=0 type=0 insize=594593 outsize=11678 kw=LIGHTMAP_OFF DIRLIGHTMAP_OFF DYNAMICLIGHTMAP_OFF LOD_FADE_CROSSFADE HDR_LIGHT_PREPASS_OFF EFFECT_HUE_VARIATION GEOM_TYPE_BRANCH_BLEND ok=1
Cmd: compileSnippet
  api=0 type=0 insize=594593 outsize=12845 kw=LIGHTMAP_OFF DIRLIGHTMAP_OFF DYNAMICLIGHTMAP_OFF UNITY_HDR_ON LOD_FADE_CROSSFADE EFFECT_BUMP EFFECT_HUE_VARIATION GEOM_TYPE_BRANCH_BLEND ok=1
Cmd: compileSnippet
  api=0 type=0 insize=594593 outsize=11556 kw=LIGHTMAP_OFF DIRLIGHTMAP_OFF DYNAMICLIGHTMAP_OFF UNITY_HDR_ON LOD_FADE_CROSSFADE GEOM_TYPE_FROND ok=1
Cmd: compileSnippet
  api=0 type=0 insize=594593 outsize=12198 kw=LIGHTMAP_OFF DIRLIGHTMAP_OFF DYNAMICLIGHTMAP_OFF UNITY_HDR_ON LOD_FADE_CROSSFADE EFFECT_HUE_VARIATION GEOM_TYPE_FROND ok=1
Cmd: compileSnippet
  api=0 type=0 insize=594593 outsize=13475 kw=LIGHTMAP_OFF DIRLIGHTMAP_OFF DYNAMICLIGHTMAP_OFF UNITY_HDR_ON LOD_FADE_CROSSFADE EFFECT_BUMP EFFECT_HUE_VARIATION GEOM_TYPE_FROND ok=1
Cmd: compileSnippet
  api=0 type=0 insize=594593 outsize=18206 kw=LIGHTMAP_OFF DIRLIGHTMAP_OFF DYNAMICLIGHTMAP_OFF UNITY_HDR_ON LOD_FADE_CROSSFADE GEOM_TYPE_LEAF ok=1
Cmd: compileSnippet
  api=0 type=0 insize=594593 outsize=18864 kw=LIGHTMAP_OFF DIRLIGHTMAP_OFF DYNAMICLIGHTMAP_OFF UNITY_HDR_ON LOD_FADE_CROSSFADE EFFECT_HUE_VARIATION GEOM_TYPE_LEAF ok=1
Cmd: compileSnippet
  api=0 type=0 insize=594593 outsize=20189 kw=LIGHTMAP_OFF DIRLIGHTMAP_OFF DYNAMICLIGHTMAP_OFF UNITY_HDR_ON LOD_FADE_CROSSFADE EFFECT_BUMP EFFECT_HUE_VARIATION GEOM_TYPE_LEAF ok=1
Cmd: compileSnippet
  api=0 type=0 insize=594593 outsize=18611 kw=LIGHTMAP_OFF DIRLIGHTMAP_OFF DYNAMICLIGHTMAP_OFF UNITY_HDR_ON LOD_FADE_CROSSFADE GEOM_TYPE_FACING_LEAF ok=1
Cmd: compileSnippet
  api=0 type=0 insize=594593 outsize=19276 kw=LIGHTMAP_OFF DIRLIGHTMAP_OFF DYNAMICLIGHTMAP_OFF UNITY_HDR_ON LOD_FADE_CROSSFADE EFFECT_HUE_VARIATION GEOM_TYPE_FACING_LEAF ok=1
Cmd: compileSnippet
  api=0 type=0 insize=594593 outsize=20598 kw=LIGHTMAP_OFF DIRLIGHTMAP_OFF DYNAMICLIGHTMAP_OFF UNITY_HDR_ON LOD_FADE_CROSSFADE EFFECT_BUMP EFFECT_HUE_VARIATION GEOM_TYPE_FACING_LEAF ok=1
Cmd: compileSnippet
  api=0 type=1 insize=594593 outsize=6 kw=LIGHTMAP_OFF DIRLIGHTMAP_OFF DYNAMICLIGHTMAP_OFF UNITY_HDR_ON GEOM_TYPE_BRANCH ok=1
Cmd: compileSnippet
  api=0 type=1 insize=594593 outsize=6 kw=LIGHTMAP_OFF DIRLIGHTMAP_OFF DYNAMICLIGHTMAP_OFF UNITY_HDR_ON EFFECT_HUE_VARIATION GEOM_TYPE_BRANCH ok=1
Cmd: compileSnippet
  api=0 type=1 insize=594593 outsize=6 kw=LIGHTMAP_OFF DIRLIGHTMAP_OFF DYNAMICLIGHTMAP_OFF UNITY_HDR_ON EFFECT_BUMP EFFECT_HUE_VARIATION GEOM_TYPE_BRANCH ok=1
Cmd: compileSnippet
  api=0 type=1 insize=594593 outsize=6 kw=LIGHTMAP_OFF DIRLIGHTMAP_OFF DYNAMICLIGHTMAP_OFF UNITY_HDR_ON GEOM_TYPE_BRANCH_BLEND ok=1
Cmd: compileSnippet
  api=0 type=1 insize=594593 outsize=6 kw=LIGHTMAP_OFF DIRLIGHTMAP_OFF DYNAMICLIGHTMAP_OFF HDR_LIGHT_PREPASS_OFF EFFECT_HUE_VARIATION GEOM_TYPE_BRANCH_BLEND ok=1
Cmd: compileSnippet
  api=0 type=1 insize=594593 outsize=6 kw=LIGHTMAP_OFF DIRLIGHTMAP_OFF DYNAMICLIGHTMAP_OFF UNITY_HDR_ON EFFECT_BUMP EFFECT_HUE_VARIATION GEOM_TYPE_BRANCH_BLEND ok=1
Cmd: compileSnippet
  api=0 type=1 insize=594593 outsize=6 kw=LIGHTMAP_OFF DIRLIGHTMAP_OFF DYNAMICLIGHTMAP_OFF HDR_LIGHT_PREPASS_OFF GEOM_TYPE_FROND ok=1
Cmd: compileSnippet
  api=0 type=1 insize=594593 outsize=6 kw=LIGHTMAP_OFF DIRLIGHTMAP_OFF DYNAMICLIGHTMAP_OFF HDR_LIGHT_PREPASS_OFF EFFECT_HUE_VARIATION GEOM_TYPE_FROND ok=1
Cmd: compileSnippet
  api=0 type=1 insize=594593 outsize=6 kw=LIGHTMAP_OFF DIRLIGHTMAP_OFF DYNAMICLIGHTMAP_OFF HDR_LIGHT_PREPASS_OFF EFFECT_BUMP EFFECT_HUE_VARIATION GEOM_TYPE_FROND ok=1
Cmd: compileSnippet
  api=0 type=1 insize=594593 outsize=6 kw=LIGHTMAP_OFF DIRLIGHTMAP_OFF DYNAMICLIGHTMAP_OFF UNITY_HDR_ON GEOM_TYPE_LEAF ok=1
Cmd: compileSnippet
  api=0 type=1 insize=594593 outsize=6 kw=LIGHTMAP_OFF DIRLIGHTMAP_OFF DYNAMICLIGHTMAP_OFF UNITY_HDR_ON EFFECT_HUE_VARIATION GEOM_TYPE_LEAF ok=1
Cmd: compileSnippet
  api=0 type=1 insize=594593 outsize=6 kw=LIGHTMAP_OFF DIRLIGHTMAP_OFF DYNAMICLIGHTMAP_OFF UNITY_HDR_ON EFFECT_BUMP EFFECT_HUE_VARIATION GEOM_TYPE_LEAF ok=1
Cmd: compileSnippet
  api=0 type=1 insize=594593 outsize=6 kw=LIGHTMAP_OFF DIRLIGHTMAP_OFF DYNAMICLIGHTMAP_OFF HDR_LIGHT_PREPASS_OFF GEOM_TYPE_FACING_LEAF ok=1
Cmd: compileSnippet
  api=0 type=1 insize=594593 outsize=6 kw=LIGHTMAP_OFF DIRLIGHTMAP_OFF DYNAMICLIGHTMAP_OFF HDR_LIGHT_PREPASS_OFF EFFECT_HUE_VARIATION GEOM_TYPE_FACING_LEAF ok=1
Cmd: compileSnippet
  api=0 type=1 insize=594593 outsize=6 kw=LIGHTMAP_OFF DIRLIGHTMAP_OFF DYNAMICLIGHTMAP_OFF HDR_LIGHT_PREPASS_OFF EFFECT_BUMP EFFECT_HUE_VARIATION GEOM_TYPE_FACING_LEAF ok=1
Cmd: compileSnippet
  api=0 type=1 insize=594593 outsize=6 kw=LIGHTMAP_OFF DIRLIGHTMAP_OFF DYNAMICLIGHTMAP_OFF LOD_FADE_PERCENTAGE HDR_LIGHT_PREPASS_OFF GEOM_TYPE_BRANCH ok=1
Cmd: compileSnippet
  api=0 type=1 insize=594593 outsize=6 kw=LIGHTMAP_OFF DIRLIGHTMAP_OFF DYNAMICLIGHTMAP_OFF LOD_FADE_PERCENTAGE HDR_LIGHT_PREPASS_OFF EFFECT_HUE_VARIATION GEOM_TYPE_BRANCH ok=1
Cmd: compileSnippet
  api=0 type=1 insize=594593 outsize=6 kw=LIGHTMAP_OFF DIRLIGHTMAP_OFF DYNAMICLIGHTMAP_OFF LOD_FADE_PERCENTAGE HDR_LIGHT_PREPASS_OFF EFFECT_BUMP EFFECT_HUE_VARIATION GEOM_TYPE_BRANCH ok=1
Cmd: compileSnippet
  api=0 type=1 insize=594593 outsize=6 kw=LIGHTMAP_OFF DIRLIGHTMAP_OFF DYNAMICLIGHTMAP_OFF LOD_FADE_PERCENTAGE HDR_LIGHT_PREPASS_OFF GEOM_TYPE_BRANCH_BLEND ok=1
Cmd: compileSnippet
  api=0 type=1 insize=594593 outsize=6 kw=LIGHTMAP_OFF DIRLIGHTMAP_OFF DYNAMICLIGHTMAP_OFF LOD_FADE_PERCENTAGE HDR_LIGHT_PREPASS_OFF EFFECT_HUE_VARIATION GEOM_TYPE_BRANCH_BLEND ok=1
Cmd: compileSnippet
  api=0 type=1 insize=594593 outsize=6 kw=LIGHTMAP_OFF DIRLIGHTMAP_OFF DYNAMICLIGHTMAP_OFF LOD_FADE_PERCENTAGE HDR_LIGHT_PREPASS_OFF EFFECT_BUMP EFFECT_HUE_VARIATION GEOM_TYPE_BRANCH_BLEND ok=1
Cmd: compileSnippet
  api=0 type=1 insize=594593 outsize=6 kw=LIGHTMAP_OFF DIRLIGHTMAP_OFF DYNAMICLIGHTMAP_OFF LOD_FADE_PERCENTAGE HDR_LIGHT_PREPASS_OFF GEOM_TYPE_FROND ok=1
Cmd: compileSnippet
  api=0 type=1 insize=594593 outsize=6 kw=LIGHTMAP_OFF DIRLIGHTMAP_OFF DYNAMICLIGHTMAP_OFF LOD_FADE_PERCENTAGE HDR_LIGHT_PREPASS_OFF EFFECT_HUE_VARIATION GEOM_TYPE_FROND ok=1
Cmd: compileSnippet
  api=0 type=1 insize=594593 outsize=6 kw=LIGHTMAP_OFF DIRLIGHTMAP_OFF DYNAMICLIGHTMAP_OFF LOD_FADE_PERCENTAGE HDR_LIGHT_PREPASS_OFF EFFECT_BUMP EFFECT_HUE_VARIATION GEOM_TYPE_FROND ok=1
Cmd: compileSnippet
  api=0 type=1 insize=594593 outsize=6 kw=LIGHTMAP_OFF DIRLIGHTMAP_OFF DYNAMICLIGHTMAP_OFF LOD_FADE_PERCENTAGE HDR_LIGHT_PREPASS_OFF GEOM_TYPE_LEAF ok=1
Cmd: compileSnippet
  api=0 type=1 insize=594593 outsize=6 kw=LIGHTMAP_OFF DIRLIGHTMAP_OFF DYNAMICLIGHTMAP_OFF UNITY_HDR_ON LOD_FADE_PERCENTAGE EFFECT_HUE_VARIATION GEOM_TYPE_LEAF ok=1
Cmd: compileSnippet
  api=0 type=1 insize=594593 outsize=6 kw=LIGHTMAP_OFF DIRLIGHTMAP_OFF DYNAMICLIGHTMAP_OFF LOD_FADE_PERCENTAGE HDR_LIGHT_PREPASS_OFF EFFECT_BUMP EFFECT_HUE_VARIATION GEOM_TYPE_LEAF ok=1
Cmd: compileSnippet
  api=0 type=1 insize=594593 outsize=6 kw=LIGHTMAP_OFF DIRLIGHTMAP_OFF DYNAMICLIGHTMAP_OFF LOD_FADE_PERCENTAGE HDR_LIGHT_PREPASS_OFF GEOM_TYPE_FACING_LEAF ok=1
Cmd: compileSnippet
  api=0 type=1 insize=594593 outsize=6 kw=LIGHTMAP_OFF DIRLIGHTMAP_OFF DYNAMICLIGHTMAP_OFF LOD_FADE_PERCENTAGE HDR_LIGHT_PREPASS_OFF EFFECT_HUE_VARIATION GEOM_TYPE_FACING_LEAF ok=1
Cmd: compileSnippet
  api=0 type=1 insize=594593 outsize=6 kw=LIGHTMAP_OFF DIRLIGHTMAP_OFF DYNAMICLIGHTMAP_OFF UNITY_HDR_ON LOD_FADE_PERCENTAGE EFFECT_BUMP EFFECT_HUE_VARIATION GEOM_TYPE_FACING_LEAF ok=1
Cmd: compileSnippet
  api=0 type=1 insize=594593 outsize=6 kw=LIGHTMAP_OFF DIRLIGHTMAP_OFF DYNAMICLIGHTMAP_OFF UNITY_HDR_ON LOD_FADE_CROSSFADE GEOM_TYPE_BRANCH ok=1
Cmd: compileSnippet
  api=0 type=1 insize=594593 outsize=6 kw=LIGHTMAP_OFF DIRLIGHTMAP_OFF DYNAMICLIGHTMAP_OFF UNITY_HDR_ON LOD_FADE_CROSSFADE EFFECT_HUE_VARIATION GEOM_TYPE_BRANCH ok=1
Cmd: compileSnippet
  api=0 type=1 insize=594593 outsize=6 kw=LIGHTMAP_OFF DIRLIGHTMAP_OFF DYNAMICLIGHTMAP_OFF UNITY_HDR_ON LOD_FADE_CROSSFADE EFFECT_BUMP EFFECT_HUE_VARIATION GEOM_TYPE_BRANCH ok=1
Cmd: compileSnippet
  api=0 type=1 insize=594593 outsize=6 kw=LIGHTMAP_OFF DIRLIGHTMAP_OFF DYNAMICLIGHTMAP_OFF UNITY_HDR_ON LOD_FADE_CROSSFADE GEOM_TYPE_BRANCH_BLEND ok=1
Cmd: compileSnippet
  api=0 type=1 insize=594593 outsize=6 kw=LIGHTMAP_OFF DIRLIGHTMAP_OFF DYNAMICLIGHTMAP_OFF UNITY_HDR_ON LOD_FADE_CROSSFADE EFFECT_HUE_VARIATION GEOM_TYPE_BRANCH_BLEND ok=1
Cmd: compileSnippet
  api=0 type=1 insize=594593 outsize=6 kw=LIGHTMAP_OFF DIRLIGHTMAP_OFF DYNAMICLIGHTMAP_OFF UNITY_HDR_ON LOD_FADE_CROSSFADE EFFECT_BUMP EFFECT_HUE_VARIATION GEOM_TYPE_BRANCH_BLEND ok=1
Cmd: compileSnippet
  api=0 type=1 insize=594593 outsize=6 kw=LIGHTMAP_OFF DIRLIGHTMAP_OFF DYNAMICLIGHTMAP_OFF UNITY_HDR_ON LOD_FADE_CROSSFADE GEOM_TYPE_FROND ok=1
Cmd: compileSnippet
  api=0 type=1 insize=594593 outsize=6 kw=LIGHTMAP_OFF DIRLIGHTMAP_OFF DYNAMICLIGHTMAP_OFF UNITY_HDR_ON LOD_FADE_CROSSFADE EFFECT_HUE_VARIATION GEOM_TYPE_FROND ok=1
Cmd: compileSnippet
  api=0 type=1 insize=594593 outsize=6 kw=LIGHTMAP_OFF DIRLIGHTMAP_OFF DYNAMICLIGHTMAP_OFF UNITY_HDR_ON LOD_FADE_CROSSFADE EFFECT_BUMP EFFECT_HUE_VARIATION GEOM_TYPE_FROND ok=1
Cmd: compileSnippet
  api=0 type=1 insize=594593 outsize=6 kw=LIGHTMAP_OFF DIRLIGHTMAP_OFF DYNAMICLIGHTMAP_OFF UNITY_HDR_ON LOD_FADE_CROSSFADE GEOM_TYPE_LEAF ok=1
Cmd: compileSnippet
  api=0 type=1 insize=594593 outsize=6 kw=LIGHTMAP_OFF DIRLIGHTMAP_OFF DYNAMICLIGHTMAP_OFF UNITY_HDR_ON LOD_FADE_CROSSFADE EFFECT_HUE_VARIATION GEOM_TYPE_LEAF ok=1
Cmd: compileSnippet
  api=0 type=1 insize=594593 outsize=6 kw=LIGHTMAP_OFF DIRLIGHTMAP_OFF DYNAMICLIGHTMAP_OFF UNITY_HDR_ON LOD_FADE_CROSSFADE EFFECT_BUMP EFFECT_HUE_VARIATION GEOM_TYPE_LEAF ok=1
Cmd: compileSnippet
  api=0 type=1 insize=594593 outsize=6 kw=LIGHTMAP_OFF DIRLIGHTMAP_OFF DYNAMICLIGHTMAP_OFF UNITY_HDR_ON LOD_FADE_CROSSFADE GEOM_TYPE_FACING_LEAF ok=1
Cmd: compileSnippet
  api=0 type=1 insize=594593 outsize=6 kw=LIGHTMAP_OFF DIRLIGHTMAP_OFF DYNAMICLIGHTMAP_OFF UNITY_HDR_ON LOD_FADE_CROSSFADE EFFECT_HUE_VARIATION GEOM_TYPE_FACING_LEAF ok=1
Cmd: compileSnippet
  api=0 type=1 insize=594593 outsize=6 kw=LIGHTMAP_OFF DIRLIGHTMAP_OFF DYNAMICLIGHTMAP_OFF LOD_FADE_CROSSFADE HDR_LIGHT_PREPASS_OFF EFFECT_BUMP EFFECT_HUE_VARIATION GEOM_TYPE_FACING_LEAF ok=1
Cmd: compileSnippet
  api=0 type=0 insize=1319 outsize=7346 kw=SHADOWS_CUBE GEOM_TYPE_BRANCH ok=1
Cmd: compileSnippet
  api=0 type=0 insize=1319 outsize=8428 kw=SHADOWS_CUBE GEOM_TYPE_FROND ok=1
Cmd: compileSnippet
  api=0 type=0 insize=1319 outsize=15295 kw=SHADOWS_CUBE GEOM_TYPE_FACING_LEAF ok=1
Cmd: compileSnippet
  api=0 type=0 insize=1319 outsize=8534 kw=SHADOWS_CUBE LOD_FADE_PERCENTAGE GEOM_TYPE_FROND ok=1
Cmd: compileSnippet
  api=0 type=0 insize=1319 outsize=15412 kw=SHADOWS_CUBE LOD_FADE_PERCENTAGE GEOM_TYPE_FACING_LEAF ok=1
Cmd: compileSnippet
  api=0 type=0 insize=1319 outsize=8224 kw=SHADOWS_CUBE LOD_FADE_CROSSFADE GEOM_TYPE_BRANCH_BLEND ok=1
Cmd: compileSnippet
  api=0 type=0 insize=1319 outsize=15782 kw=SHADOWS_CUBE LOD_FADE_CROSSFADE GEOM_TYPE_LEAF ok=1
Cmd: compileSnippet
  api=0 type=1 insize=1319 outsize=6 kw=SHADOWS_CUBE GEOM_TYPE_BRANCH ok=1
Cmd: compileSnippet
  api=0 type=1 insize=1319 outsize=6 kw=SHADOWS_CUBE GEOM_TYPE_LEAF ok=1
Cmd: compileSnippet
  api=0 type=1 insize=1319 outsize=6 kw=SHADOWS_CUBE GEOM_TYPE_FACING_LEAF ok=1
Cmd: compileSnippet
  api=0 type=1 insize=1319 outsize=6 kw=SHADOWS_CUBE LOD_FADE_PERCENTAGE GEOM_TYPE_FROND ok=1
Cmd: compileSnippet
  api=0 type=1 insize=1319 outsize=6 kw=SHADOWS_CUBE LOD_FADE_PERCENTAGE GEOM_TYPE_LEAF ok=1
Cmd: compileSnippet
  api=0 type=1 insize=1319 outsize=6 kw=SHADOWS_CUBE LOD_FADE_CROSSFADE GEOM_TYPE_BRANCH_BLEND ok=1
Cmd: compileSnippet
  api=0 type=1 insize=1319 outsize=6 kw=SHADOWS_CUBE LOD_FADE_CROSSFADE GEOM_TYPE_FROND ok=1
Cmd: compileSnippet
  api=0 type=0 insize=1267 outsize=11199 kw=EFFECT_HUE_VARIATION GEOM_TYPE_BRANCH ok=1
Cmd: compileSnippet
  api=0 type=0 insize=1267 outsize=11586 kw=EFFECT_HUE_VARIATION GEOM_TYPE_BRANCH_BLEND ok=1
Cmd: compileSnippet
  api=0 type=0 insize=1267 outsize=12170 kw=EFFECT_HUE_VARIATION GEOM_TYPE_FROND ok=1
Cmd: compileSnippet
  api=0 type=0 insize=1267 outsize=18856 kw=EFFECT_HUE_VARIATION GEOM_TYPE_LEAF ok=1
Cmd: compileSnippet
  api=0 type=0 insize=1267 outsize=19261 kw=EFFECT_HUE_VARIATION GEOM_TYPE_FACING_LEAF ok=1
Cmd: compileSnippet
  api=0 type=0 insize=1267 outsize=11306 kw=LOD_FADE_PERCENTAGE EFFECT_HUE_VARIATION GEOM_TYPE_BRANCH ok=1
Cmd: compileSnippet
  api=0 type=0 insize=1267 outsize=11694 kw=LOD_FADE_PERCENTAGE EFFECT_HUE_VARIATION GEOM_TYPE_BRANCH_BLEND ok=1
Cmd: compileSnippet
  api=0 type=0 insize=1267 outsize=12278 kw=LOD_FADE_PERCENTAGE EFFECT_HUE_VARIATION GEOM_TYPE_FROND ok=1
Cmd: compileSnippet
  api=0 type=0 insize=1267 outsize=19171 kw=LOD_FADE_PERCENTAGE EFFECT_HUE_VARIATION GEOM_TYPE_LEAF ok=1
Cmd: compileSnippet
  api=0 type=0 insize=1267 outsize=19380 kw=LOD_FADE_PERCENTAGE EFFECT_HUE_VARIATION GEOM_TYPE_FACING_LEAF ok=1
Cmd: compileSnippet
  api=0 type=0 insize=1267 outsize=12161 kw=LOD_FADE_CROSSFADE EFFECT_HUE_VARIATION GEOM_TYPE_BRANCH ok=1
Cmd: compileSnippet
  api=0 type=0 insize=1267 outsize=12548 kw=LOD_FADE_CROSSFADE EFFECT_HUE_VARIATION GEOM_TYPE_BRANCH_BLEND ok=1
Cmd: compileSnippet
  api=0 type=0 insize=1267 outsize=13136 kw=LOD_FADE_CROSSFADE EFFECT_HUE_VARIATION GEOM_TYPE_FROND ok=1
Cmd: compileSnippet
  api=0 type=0 insize=1267 outsize=19844 kw=LOD_FADE_CROSSFADE EFFECT_HUE_VARIATION GEOM_TYPE_LEAF ok=1
Cmd: compileSnippet
  api=0 type=0 insize=1267 outsize=20251 kw=LOD_FADE_CROSSFADE EFFECT_HUE_VARIATION GEOM_TYPE_FACING_LEAF ok=1
Cmd: compileSnippet
  api=0 type=1 insize=1267 outsize=6 kw=EFFECT_HUE_VARIATION GEOM_TYPE_BRANCH ok=1
Cmd: compileSnippet
  api=0 type=1 insize=1267 outsize=6 kw=EFFECT_HUE_VARIATION GEOM_TYPE_BRANCH_BLEND ok=1
Cmd: compileSnippet
  api=0 type=1 insize=1267 outsize=6 kw=EFFECT_HUE_VARIATION GEOM_TYPE_FROND ok=1
Cmd: compileSnippet
  api=0 type=1 insize=1267 outsize=6 kw=EFFECT_HUE_VARIATION GEOM_TYPE_LEAF ok=1
Cmd: compileSnippet
  api=0 type=1 insize=1267 outsize=6 kw=EFFECT_HUE_VARIATION GEOM_TYPE_FACING_LEAF ok=1
Cmd: compileSnippet
  api=0 type=1 insize=1267 outsize=6 kw=LOD_FADE_PERCENTAGE EFFECT_HUE_VARIATION GEOM_TYPE_BRANCH ok=1
Cmd: compileSnippet
  api=0 type=1 insize=1267 outsize=6 kw=LOD_FADE_PERCENTAGE EFFECT_HUE_VARIATION GEOM_TYPE_BRANCH_BLEND ok=1
Cmd: compileSnippet
  api=0 type=1 insize=1267 outsize=6 kw=LOD_FADE_PERCENTAGE EFFECT_HUE_VARIATION GEOM_TYPE_FROND ok=1
Cmd: compileSnippet
  api=0 type=1 insize=1267 outsize=6 kw=LOD_FADE_PERCENTAGE EFFECT_HUE_VARIATION GEOM_TYPE_LEAF ok=1
Cmd: compileSnippet
  api=0 type=1 insize=1267 outsize=6 kw=LOD_FADE_PERCENTAGE EFFECT_HUE_VARIATION GEOM_TYPE_FACING_LEAF ok=1
Cmd: compileSnippet
  api=0 type=1 insize=1267 outsize=6 kw=LOD_FADE_CROSSFADE EFFECT_HUE_VARIATION GEOM_TYPE_BRANCH ok=1
Cmd: compileSnippet
  api=0 type=1 insize=1267 outsize=6 kw=LOD_FADE_CROSSFADE EFFECT_HUE_VARIATION GEOM_TYPE_BRANCH_BLEND ok=1
Cmd: compileSnippet
  api=0 type=1 insize=1267 outsize=6 kw=LOD_FADE_CROSSFADE EFFECT_HUE_VARIATION GEOM_TYPE_FROND ok=1
Cmd: compileSnippet
  api=0 type=1 insize=1267 outsize=6 kw=LOD_FADE_CROSSFADE EFFECT_HUE_VARIATION GEOM_TYPE_LEAF ok=1
Cmd: compileSnippet
  api=0 type=1 insize=1267 outsize=6 kw=LOD_FADE_CROSSFADE EFFECT_HUE_VARIATION GEOM_TYPE_FACING_LEAF ok=1
Cmd: compileSnippet
  api=0 type=0 insize=99240 outsize=3014 kw=DIRECTIONAL SHADOWS_SCREEN LIGHTMAP_OFF DIRLIGHTMAP_OFF DYNAMICLIGHTMAP_OFF GEOM_TYPE_BRANCH ok=1
Cmd: compileSnippet
  api=0 type=0 insize=99240 outsize=4255 kw=DIRECTIONAL SHADOWS_SCREEN LIGHTMAP_OFF DIRLIGHTMAP_OFF DYNAMICLIGHTMAP_OFF VERTEXLIGHT_ON GEOM_TYPE_BRANCH ok=1
Cmd: compileSnippet
  api=0 type=0 insize=99240 outsize=3384 kw=DIRECTIONAL SHADOWS_SCREEN LIGHTMAP_OFF DIRLIGHTMAP_OFF DYNAMICLIGHTMAP_OFF GEOM_TYPE_BRANCH_BLEND ok=1
Cmd: compileSnippet
  api=0 type=0 insize=99240 outsize=4626 kw=DIRECTIONAL SHADOWS_SCREEN LIGHTMAP_OFF DIRLIGHTMAP_OFF DYNAMICLIGHTMAP_OFF VERTEXLIGHT_ON GEOM_TYPE_BRANCH_BLEND ok=1
Cmd: compileSnippet
  api=0 type=0 insize=99240 outsize=3160 kw=DIRECTIONAL SHADOWS_SCREEN LIGHTMAP_OFF DIRLIGHTMAP_OFF DYNAMICLIGHTMAP_OFF GEOM_TYPE_FROND ok=1
Cmd: compileSnippet
  api=0 type=0 insize=99240 outsize=4401 kw=DIRECTIONAL SHADOWS_SCREEN LIGHTMAP_OFF DIRLIGHTMAP_OFF DYNAMICLIGHTMAP_OFF VERTEXLIGHT_ON GEOM_TYPE_FROND ok=1
Cmd: compileSnippet
  api=0 type=0 insize=99240 outsize=3396 kw=DIRECTIONAL SHADOWS_SCREEN LIGHTMAP_OFF DIRLIGHTMAP_OFF DYNAMICLIGHTMAP_OFF GEOM_TYPE_LEAF ok=1
Cmd: compileSnippet
  api=0 type=0 insize=99240 outsize=4645 kw=DIRECTIONAL SHADOWS_SCREEN LIGHTMAP_OFF DIRLIGHTMAP_OFF DYNAMICLIGHTMAP_OFF VERTEXLIGHT_ON GEOM_TYPE_LEAF ok=1
Cmd: compileSnippet
  api=0 type=0 insize=99240 outsize=3795 kw=DIRECTIONAL SHADOWS_SCREEN LIGHTMAP_OFF DIRLIGHTMAP_OFF DYNAMICLIGHTMAP_OFF GEOM_TYPE_FACING_LEAF ok=1
Cmd: compileSnippet
  api=0 type=0 insize=99240 outsize=5040 kw=DIRECTIONAL SHADOWS_SCREEN LIGHTMAP_OFF DIRLIGHTMAP_OFF DYNAMICLIGHTMAP_OFF VERTEXLIGHT_ON GEOM_TYPE_FACING_LEAF ok=1
Cmd: compileSnippet
  api=0 type=0 insize=99240 outsize=3170 kw=DIRECTIONAL SHADOWS_SCREEN LIGHTMAP_OFF DIRLIGHTMAP_OFF DYNAMICLIGHTMAP_OFF LOD_FADE_PERCENTAGE GEOM_TYPE_BRANCH ok=1
Cmd: compileSnippet
  api=0 type=0 insize=99240 outsize=4412 kw=DIRECTIONAL SHADOWS_SCREEN LIGHTMAP_OFF DIRLIGHTMAP_OFF DYNAMICLIGHTMAP_OFF VERTEXLIGHT_ON LOD_FADE_PERCENTAGE GEOM_TYPE_BRANCH ok=1
Cmd: compileSnippet
  api=0 type=0 insize=99240 outsize=3541 kw=DIRECTIONAL SHADOWS_SCREEN LIGHTMAP_OFF DIRLIGHTMAP_OFF DYNAMICLIGHTMAP_OFF LOD_FADE_PERCENTAGE GEOM_TYPE_BRANCH_BLEND ok=1
Cmd: compileSnippet
  api=0 type=0 insize=99240 outsize=4790 kw=DIRECTIONAL SHADOWS_SCREEN LIGHTMAP_OFF DIRLIGHTMAP_OFF DYNAMICLIGHTMAP_OFF VERTEXLIGHT_ON LOD_FADE_PERCENTAGE GEOM_TYPE_BRANCH_BLEND ok=1
Cmd: compileSnippet
  api=0 type=0 insize=99240 outsize=3316 kw=DIRECTIONAL SHADOWS_SCREEN LIGHTMAP_OFF DIRLIGHTMAP_OFF DYNAMICLIGHTMAP_OFF LOD_FADE_PERCENTAGE GEOM_TYPE_FROND ok=1
Cmd: compileSnippet
  api=0 type=0 insize=99240 outsize=4558 kw=DIRECTIONAL SHADOWS_SCREEN LIGHTMAP_OFF DIRLIGHTMAP_OFF DYNAMICLIGHTMAP_OFF VERTEXLIGHT_ON LOD_FADE_PERCENTAGE GEOM_TYPE_FROND ok=1
Cmd: compileSnippet
  api=0 type=0 insize=99240 outsize=3634 kw=DIRECTIONAL SHADOWS_SCREEN LIGHTMAP_OFF DIRLIGHTMAP_OFF DYNAMICLIGHTMAP_OFF LOD_FADE_PERCENTAGE GEOM_TYPE_LEAF ok=1
Cmd: compileSnippet
  api=0 type=0 insize=99240 outsize=4879 kw=DIRECTIONAL SHADOWS_SCREEN LIGHTMAP_OFF DIRLIGHTMAP_OFF DYNAMICLIGHTMAP_OFF VERTEXLIGHT_ON LOD_FADE_PERCENTAGE GEOM_TYPE_LEAF ok=1
Cmd: compileSnippet
  api=0 type=0 insize=99240 outsize=3912 kw=DIRECTIONAL SHADOWS_SCREEN LIGHTMAP_OFF DIRLIGHTMAP_OFF DYNAMICLIGHTMAP_OFF LOD_FADE_PERCENTAGE GEOM_TYPE_FACING_LEAF ok=1
Cmd: compileSnippet
  api=0 type=0 insize=99240 outsize=5157 kw=DIRECTIONAL SHADOWS_SCREEN LIGHTMAP_OFF DIRLIGHTMAP_OFF DYNAMICLIGHTMAP_OFF VERTEXLIGHT_ON LOD_FADE_PERCENTAGE GEOM_TYPE_FACING_LEAF ok=1
Cmd: compileSnippet
  api=0 type=1 insize=99240 outsize=6 kw=DIRECTIONAL SHADOWS_SCREEN LIGHTMAP_OFF DIRLIGHTMAP_OFF DYNAMICLIGHTMAP_OFF GEOM_TYPE_BRANCH ok=1
Cmd: compileSnippet
  api=0 type=1 insize=99240 outsize=6 kw=DIRECTIONAL SHADOWS_OFF LIGHTMAP_OFF DIRLIGHTMAP_OFF DYNAMICLIGHTMAP_OFF GEOM_TYPE_BRANCH_BLEND ok=1
Cmd: compileSnippet
  api=0 type=1 insize=99240 outsize=6 kw=DIRECTIONAL SHADOWS_OFF LIGHTMAP_OFF DIRLIGHTMAP_OFF DYNAMICLIGHTMAP_OFF GEOM_TYPE_FROND ok=1
Cmd: compileSnippet
  api=0 type=1 insize=99240 outsize=6 kw=DIRECTIONAL SHADOWS_OFF LIGHTMAP_OFF DIRLIGHTMAP_OFF DYNAMICLIGHTMAP_OFF GEOM_TYPE_LEAF ok=1
Cmd: compileSnippet
  api=0 type=1 insize=99240 outsize=6 kw=DIRECTIONAL SHADOWS_OFF LIGHTMAP_OFF DIRLIGHTMAP_OFF DYNAMICLIGHTMAP_OFF GEOM_TYPE_FACING_LEAF ok=1
Cmd: compileSnippet
  api=0 type=1 insize=99240 outsize=6 kw=DIRECTIONAL SHADOWS_SCREEN LIGHTMAP_OFF DIRLIGHTMAP_OFF DYNAMICLIGHTMAP_OFF LOD_FADE_PERCENTAGE GEOM_TYPE_BRANCH ok=1
Cmd: compileSnippet
  api=0 type=1 insize=99240 outsize=6 kw=DIRECTIONAL SHADOWS_SCREEN LIGHTMAP_OFF DIRLIGHTMAP_OFF DYNAMICLIGHTMAP_OFF LOD_FADE_PERCENTAGE GEOM_TYPE_BRANCH_BLEND ok=1
Cmd: compileSnippet
  api=0 type=1 insize=99240 outsize=6 kw=DIRECTIONAL SHADOWS_SCREEN LIGHTMAP_OFF DIRLIGHTMAP_OFF DYNAMICLIGHTMAP_OFF LOD_FADE_PERCENTAGE GEOM_TYPE_FROND ok=1
Cmd: compileSnippet
  api=0 type=1 insize=99240 outsize=6 kw=DIRECTIONAL SHADOWS_SCREEN LIGHTMAP_OFF DIRLIGHTMAP_OFF DYNAMICLIGHTMAP_OFF LOD_FADE_PERCENTAGE GEOM_TYPE_LEAF ok=1
Cmd: compileSnippet
  api=0 type=1 insize=99240 outsize=6 kw=DIRECTIONAL SHADOWS_OFF LIGHTMAP_OFF DIRLIGHTMAP_OFF DYNAMICLIGHTMAP_OFF LOD_FADE_PERCENTAGE GEOM_TYPE_FACING_LEAF ok=1
Cmd: compileSnippet
  api=0 type=0 insize=58481 outsize=1686 kw=DIRECTIONAL GEOM_TYPE_BRANCH ok=1
Cmd: compileSnippet
  api=0 type=0 insize=58481 outsize=2156 kw=SPOT GEOM_TYPE_BRANCH ok=1
Cmd: compileSnippet
  api=0 type=0 insize=58481 outsize=2382 kw=POINT GEOM_TYPE_BRANCH_BLEND ok=1
Cmd: compileSnippet
  api=0 type=0 insize=58481 outsize=2521 kw=SPOT GEOM_TYPE_BRANCH_BLEND ok=1
Cmd: compileSnippet
  api=0 type=0 insize=58481 outsize=2282 kw=DIRECTIONAL_COOKIE GEOM_TYPE_BRANCH_BLEND ok=1
Cmd: compileSnippet
  api=0 type=0 insize=58481 outsize=1832 kw=DIRECTIONAL GEOM_TYPE_FROND ok=1
Cmd: compileSnippet
  api=0 type=0 insize=58481 outsize=2246 kw=POINT_COOKIE GEOM_TYPE_FROND ok=1
Cmd: compileSnippet
  api=0 type=0 insize=58481 outsize=2388 kw=POINT GEOM_TYPE_LEAF ok=1
Cmd: compileSnippet
  api=0 type=0 insize=58481 outsize=2527 kw=SPOT GEOM_TYPE_LEAF ok=1
Cmd: compileSnippet
  api=0 type=0 insize=58481 outsize=2288 kw=DIRECTIONAL_COOKIE GEOM_TYPE_LEAF ok=1
Cmd: compileSnippet
  api=0 type=0 insize=58481 outsize=2440 kw=DIRECTIONAL GEOM_TYPE_FACING_LEAF ok=1
Cmd: compileSnippet
  api=0 type=0 insize=58481 outsize=2910 kw=SPOT GEOM_TYPE_FACING_LEAF ok=1
Cmd: compileSnippet
  api=0 type=0 insize=58481 outsize=2168 kw=POINT LOD_FADE_PERCENTAGE GEOM_TYPE_BRANCH ok=1
Cmd: compileSnippet
  api=0 type=0 insize=58481 outsize=1837 kw=DIRECTIONAL LOD_FADE_PERCENTAGE GEOM_TYPE_BRANCH ok=1
Cmd: compileSnippet
  api=0 type=0 insize=58481 outsize=2251 kw=POINT_COOKIE LOD_FADE_PERCENTAGE GEOM_TYPE_BRANCH ok=1
Cmd: compileSnippet
  api=0 type=0 insize=58481 outsize=2533 kw=POINT LOD_FADE_PERCENTAGE GEOM_TYPE_BRANCH_BLEND ok=1
Cmd: compileSnippet
  api=0 type=0 insize=58481 outsize=2672 kw=SPOT LOD_FADE_PERCENTAGE GEOM_TYPE_BRANCH_BLEND ok=1
Cmd: compileSnippet
  api=0 type=0 insize=58481 outsize=2433 kw=DIRECTIONAL_COOKIE LOD_FADE_PERCENTAGE GEOM_TYPE_BRANCH_BLEND ok=1
Cmd: compileSnippet
  api=0 type=0 insize=58481 outsize=1983 kw=DIRECTIONAL LOD_FADE_PERCENTAGE GEOM_TYPE_FROND ok=1
Cmd: compileSnippet
  api=0 type=0 insize=58481 outsize=2397 kw=POINT_COOKIE LOD_FADE_PERCENTAGE GEOM_TYPE_FROND ok=1
Cmd: compileSnippet
  api=0 type=0 insize=58481 outsize=2610 kw=POINT LOD_FADE_PERCENTAGE GEOM_TYPE_LEAF ok=1
Cmd: compileSnippet
  api=0 type=0 insize=58481 outsize=2749 kw=SPOT LOD_FADE_PERCENTAGE GEOM_TYPE_LEAF ok=1
Cmd: compileSnippet
  api=0 type=0 insize=58481 outsize=2510 kw=DIRECTIONAL_COOKIE LOD_FADE_PERCENTAGE GEOM_TYPE_LEAF ok=1
Cmd: compileSnippet
  api=0 type=0 insize=58481 outsize=2557 kw=DIRECTIONAL LOD_FADE_PERCENTAGE GEOM_TYPE_FACING_LEAF ok=1
Cmd: compileSnippet
  api=0 type=0 insize=58481 outsize=2971 kw=POINT_COOKIE LOD_FADE_PERCENTAGE GEOM_TYPE_FACING_LEAF ok=1
Cmd: compileSnippet
  api=0 type=1 insize=58481 outsize=6 kw=DIRECTIONAL GEOM_TYPE_BRANCH ok=1
Cmd: compileSnippet
  api=0 type=1 insize=58481 outsize=6 kw=POINT_COOKIE GEOM_TYPE_BRANCH ok=1
Cmd: compileSnippet
  api=0 type=1 insize=58481 outsize=6 kw=DIRECTIONAL_COOKIE GEOM_TYPE_BRANCH ok=1
Cmd: compileSnippet
  api=0 type=1 insize=58481 outsize=6 kw=SPOT GEOM_TYPE_BRANCH_BLEND ok=1
Cmd: compileSnippet
  api=0 type=1 insize=58481 outsize=6 kw=POINT_COOKIE GEOM_TYPE_BRANCH_BLEND ok=1
Cmd: compileSnippet
  api=0 type=1 insize=58481 outsize=6 kw=DIRECTIONAL GEOM_TYPE_FROND ok=1
Cmd: compileSnippet
  api=0 type=1 insize=58481 outsize=6 kw=POINT_COOKIE GEOM_TYPE_FROND ok=1
Cmd: compileSnippet
  api=0 type=1 insize=58481 outsize=6 kw=POINT GEOM_TYPE_LEAF ok=1
Cmd: compileSnippet
  api=0 type=1 insize=58481 outsize=6 kw=SPOT GEOM_TYPE_LEAF ok=1
Cmd: compileSnippet
  api=0 type=1 insize=58481 outsize=6 kw=DIRECTIONAL_COOKIE GEOM_TYPE_LEAF ok=1
Cmd: compileSnippet
  api=0 type=1 insize=58481 outsize=6 kw=POINT GEOM_TYPE_FACING_LEAF ok=1
Cmd: compileSnippet
  api=0 type=1 insize=58481 outsize=6 kw=POINT_COOKIE GEOM_TYPE_FACING_LEAF ok=1
Cmd: compileSnippet
  api=0 type=1 insize=58481 outsize=6 kw=POINT LOD_FADE_PERCENTAGE GEOM_TYPE_BRANCH ok=1
Cmd: compileSnippet
  api=0 type=1 insize=58481 outsize=6 kw=DIRECTIONAL LOD_FADE_PERCENTAGE GEOM_TYPE_BRANCH ok=1
Cmd: compileSnippet
  api=0 type=1 insize=58481 outsize=6 kw=POINT_COOKIE LOD_FADE_PERCENTAGE GEOM_TYPE_BRANCH ok=1
Cmd: compileSnippet
  api=0 type=1 insize=58481 outsize=6 kw=DIRECTIONAL LOD_FADE_PERCENTAGE GEOM_TYPE_BRANCH_BLEND ok=1
Cmd: compileSnippet
  api=0 type=1 insize=58481 outsize=6 kw=POINT_COOKIE LOD_FADE_PERCENTAGE GEOM_TYPE_BRANCH_BLEND ok=1
Cmd: compileSnippet
  api=0 type=1 insize=58481 outsize=6 kw=POINT LOD_FADE_PERCENTAGE GEOM_TYPE_FROND ok=1
Cmd: compileSnippet
  api=0 type=1 insize=58481 outsize=6 kw=SPOT LOD_FADE_PERCENTAGE GEOM_TYPE_FROND ok=1
Cmd: compileSnippet
  api=0 type=1 insize=58481 outsize=6 kw=DIRECTIONAL_COOKIE LOD_FADE_PERCENTAGE GEOM_TYPE_FROND ok=1
Cmd: compileSnippet
  api=0 type=1 insize=58481 outsize=6 kw=DIRECTIONAL LOD_FADE_PERCENTAGE GEOM_TYPE_LEAF ok=1
Cmd: compileSnippet
  api=0 type=1 insize=58481 outsize=6 kw=SPOT LOD_FADE_PERCENTAGE GEOM_TYPE_LEAF ok=1
Cmd: compileSnippet
  api=0 type=1 insize=58481 outsize=6 kw=POINT LOD_FADE_PERCENTAGE GEOM_TYPE_FACING_LEAF ok=1
Cmd: compileSnippet
  api=0 type=1 insize=58481 outsize=6 kw=SPOT LOD_FADE_PERCENTAGE GEOM_TYPE_FACING_LEAF ok=1
Cmd: compileSnippet
  api=0 type=1 insize=58481 outsize=6 kw=DIRECTIONAL_COOKIE LOD_FADE_PERCENTAGE GEOM_TYPE_FACING_LEAF ok=1
Cmd: compileSnippet
  api=0 type=0 insize=49708 outsize=1432 kw=GEOM_TYPE_BRANCH_BLEND ok=1
Cmd: compileSnippet
  api=0 type=0 insize=49708 outsize=1737 kw=GEOM_TYPE_LEAF ok=1
Cmd: compileSnippet
  api=0 type=0 insize=49708 outsize=1436 kw=LOD_FADE_PERCENTAGE GEOM_TYPE_BRANCH ok=1
Cmd: compileSnippet
  api=0 type=0 insize=49708 outsize=1663 kw=LOD_FADE_PERCENTAGE GEOM_TYPE_FROND ok=1
Cmd: compileSnippet
  api=0 type=0 insize=49708 outsize=1959 kw=LOD_FADE_PERCENTAGE GEOM_TYPE_LEAF ok=1
Cmd: compileSnippet
  api=0 type=1 insize=49708 outsize=6 kw=GEOM_TYPE_BRANCH_BLEND ok=1
Cmd: compileSnippet
  api=0 type=1 insize=49708 outsize=6 kw=GEOM_TYPE_LEAF ok=1
Cmd: compileSnippet
  api=0 type=1 insize=49708 outsize=6 kw=LOD_FADE_PERCENTAGE GEOM_TYPE_BRANCH ok=1
Cmd: compileSnippet
  api=0 type=1 insize=49708 outsize=6 kw=LOD_FADE_PERCENTAGE GEOM_TYPE_FROND ok=1
Cmd: compileSnippet
  api=0 type=1 insize=49708 outsize=6 kw=LOD_FADE_PERCENTAGE GEOM_TYPE_FACING_LEAF ok=1
Cmd: compileSnippet
  api=0 type=0 insize=87177 outsize=2936 kw=LIGHTMAP_OFF DIRLIGHTMAP_OFF DYNAMICLIGHTMAP_OFF UNITY_HDR_ON GEOM_TYPE_BRANCH ok=1
Cmd: compileSnippet
  api=0 type=0 insize=87177 outsize=3307 kw=LIGHTMAP_OFF DIRLIGHTMAP_OFF DYNAMICLIGHTMAP_OFF UNITY_HDR_ON GEOM_TYPE_BRANCH_BLEND ok=1
Cmd: compileSnippet
  api=0 type=0 insize=87177 outsize=3046 kw=LIGHTMAP_OFF DIRLIGHTMAP_OFF DYNAMICLIGHTMAP_OFF HDR_LIGHT_PREPASS_OFF GEOM_TYPE_FROND ok=1
Cmd: compileSnippet
  api=0 type=0 insize=87177 outsize=3283 kw=LIGHTMAP_OFF DIRLIGHTMAP_OFF DYNAMICLIGHTMAP_OFF HDR_LIGHT_PREPASS_OFF GEOM_TYPE_LEAF ok=1
Cmd: compileSnippet
  api=0 type=0 insize=87177 outsize=3711 kw=LIGHTMAP_OFF DIRLIGHTMAP_OFF DYNAMICLIGHTMAP_OFF UNITY_HDR_ON GEOM_TYPE_FACING_LEAF ok=1
Cmd: compileSnippet
  api=0 type=0 insize=87177 outsize=3093 kw=LIGHTMAP_OFF DIRLIGHTMAP_OFF DYNAMICLIGHTMAP_OFF UNITY_HDR_ON LOD_FADE_PERCENTAGE GEOM_TYPE_BRANCH ok=1
Cmd: compileSnippet
  api=0 type=0 insize=87177 outsize=3464 kw=LIGHTMAP_OFF DIRLIGHTMAP_OFF DYNAMICLIGHTMAP_OFF UNITY_HDR_ON LOD_FADE_PERCENTAGE GEOM_TYPE_BRANCH_BLEND ok=1
Cmd: compileSnippet
  api=0 type=0 insize=87177 outsize=3239 kw=LIGHTMAP_OFF DIRLIGHTMAP_OFF DYNAMICLIGHTMAP_OFF UNITY_HDR_ON LOD_FADE_PERCENTAGE GEOM_TYPE_FROND ok=1
Cmd: compileSnippet
  api=0 type=0 insize=87177 outsize=3514 kw=LIGHTMAP_OFF DIRLIGHTMAP_OFF DYNAMICLIGHTMAP_OFF LOD_FADE_PERCENTAGE HDR_LIGHT_PREPASS_OFF GEOM_TYPE_LEAF ok=1
Cmd: compileSnippet
  api=0 type=0 insize=87177 outsize=3792 kw=LIGHTMAP_OFF DIRLIGHTMAP_OFF DYNAMICLIGHTMAP_OFF LOD_FADE_PERCENTAGE HDR_LIGHT_PREPASS_OFF GEOM_TYPE_FACING_LEAF ok=1
Cmd: compileSnippet
  api=0 type=1 insize=87177 outsize=6 kw=LIGHTMAP_OFF DIRLIGHTMAP_OFF DYNAMICLIGHTMAP_OFF UNITY_HDR_ON GEOM_TYPE_BRANCH ok=1
Cmd: compileSnippet
  api=0 type=1 insize=87177 outsize=6 kw=LIGHTMAP_OFF DIRLIGHTMAP_OFF DYNAMICLIGHTMAP_OFF UNITY_HDR_ON GEOM_TYPE_BRANCH_BLEND ok=1
Cmd: compileSnippet
  api=0 type=1 insize=87177 outsize=6 kw=LIGHTMAP_OFF DIRLIGHTMAP_OFF DYNAMICLIGHTMAP_OFF HDR_LIGHT_PREPASS_OFF GEOM_TYPE_FROND ok=1
Cmd: compileSnippet
  api=0 type=1 insize=87177 outsize=6 kw=LIGHTMAP_OFF DIRLIGHTMAP_OFF DYNAMICLIGHTMAP_OFF HDR_LIGHT_PREPASS_OFF GEOM_TYPE_LEAF ok=1
Cmd: compileSnippet
  api=0 type=1 insize=87177 outsize=6 kw=LIGHTMAP_OFF DIRLIGHTMAP_OFF DYNAMICLIGHTMAP_OFF HDR_LIGHT_PREPASS_OFF GEOM_TYPE_FACING_LEAF ok=1
Cmd: compileSnippet
  api=0 type=1 insize=87177 outsize=6 kw=LIGHTMAP_OFF DIRLIGHTMAP_OFF DYNAMICLIGHTMAP_OFF UNITY_HDR_ON LOD_FADE_PERCENTAGE GEOM_TYPE_BRANCH ok=1
Cmd: compileSnippet
  api=0 type=1 insize=87177 outsize=6 kw=LIGHTMAP_OFF DIRLIGHTMAP_OFF DYNAMICLIGHTMAP_OFF UNITY_HDR_ON LOD_FADE_PERCENTAGE GEOM_TYPE_BRANCH_BLEND ok=1
Cmd: compileSnippet
  api=0 type=1 insize=87177 outsize=6 kw=LIGHTMAP_OFF DIRLIGHTMAP_OFF DYNAMICLIGHTMAP_OFF LOD_FADE_PERCENTAGE HDR_LIGHT_PREPASS_OFF GEOM_TYPE_FROND ok=1
Cmd: compileSnippet
  api=0 type=1 insize=87177 outsize=6 kw=LIGHTMAP_OFF DIRLIGHTMAP_OFF DYNAMICLIGHTMAP_OFF LOD_FADE_PERCENTAGE HDR_LIGHT_PREPASS_OFF GEOM_TYPE_LEAF ok=1
Cmd: compileSnippet
  api=0 type=1 insize=87177 outsize=6 kw=LIGHTMAP_OFF DIRLIGHTMAP_OFF DYNAMICLIGHTMAP_OFF LOD_FADE_PERCENTAGE HDR_LIGHT_PREPASS_OFF GEOM_TYPE_FACING_LEAF ok=1
Cmd: compileSnippet
  api=0 type=0 insize=88439 outsize=2708 kw=LIGHTMAP_OFF DIRLIGHTMAP_OFF DYNAMICLIGHTMAP_OFF UNITY_HDR_ON GEOM_TYPE_BRANCH ok=1
Cmd: compileSnippet
  api=0 type=0 insize=88439 outsize=3224 kw=LIGHTMAP_OFF DIRLIGHTMAP_OFF DYNAMICLIGHTMAP_OFF HDR_LIGHT_PREPASS_OFF GEOM_TYPE_BRANCH_BLEND ok=1
Cmd: compileSnippet
  api=0 type=0 insize=88439 outsize=2995 kw=LIGHTMAP_OFF DIRLIGHTMAP_OFF DYNAMICLIGHTMAP_OFF HDR_LIGHT_PREPASS_OFF GEOM_TYPE_FROND ok=1
Cmd: compileSnippet
  api=0 type=0 insize=88439 outsize=3231 kw=LIGHTMAP_OFF DIRLIGHTMAP_OFF DYNAMICLIGHTMAP_OFF HDR_LIGHT_PREPASS_OFF GEOM_TYPE_LEAF ok=1
Cmd: compileSnippet
  api=0 type=0 insize=88439 outsize=3630 kw=LIGHTMAP_OFF DIRLIGHTMAP_OFF DYNAMICLIGHTMAP_OFF HDR_LIGHT_PREPASS_OFF GEOM_TYPE_FACING_LEAF ok=1
Cmd: compileSnippet
  api=0 type=0 insize=88439 outsize=2970 kw=LIGHTMAP_OFF DIRLIGHTMAP_OFF DYNAMICLIGHTMAP_OFF LOD_FADE_PERCENTAGE HDR_LIGHT_PREPASS_OFF GEOM_TYPE_BRANCH ok=1
Cmd: compileSnippet
  api=0 type=0 insize=88439 outsize=3381 kw=LIGHTMAP_OFF DIRLIGHTMAP_OFF DYNAMICLIGHTMAP_OFF LOD_FADE_PERCENTAGE HDR_LIGHT_PREPASS_OFF GEOM_TYPE_BRANCH_BLEND ok=1
Cmd: compileSnippet
  api=0 type=0 insize=88439 outsize=3151 kw=LIGHTMAP_OFF DIRLIGHTMAP_OFF DYNAMICLIGHTMAP_OFF LOD_FADE_PERCENTAGE HDR_LIGHT_PREPASS_OFF GEOM_TYPE_FROND ok=1
Cmd: compileSnippet
  api=0 type=0 insize=88439 outsize=3469 kw=LIGHTMAP_OFF DIRLIGHTMAP_OFF DYNAMICLIGHTMAP_OFF LOD_FADE_PERCENTAGE HDR_LIGHT_PREPASS_OFF GEOM_TYPE_LEAF ok=1
Cmd: compileSnippet
  api=0 type=0 insize=88439 outsize=3747 kw=LIGHTMAP_OFF DIRLIGHTMAP_OFF DYNAMICLIGHTMAP_OFF LOD_FADE_PERCENTAGE HDR_LIGHT_PREPASS_OFF GEOM_TYPE_FACING_LEAF ok=1
Cmd: compileSnippet
  api=0 type=1 insize=88439 outsize=6 kw=LIGHTMAP_OFF DIRLIGHTMAP_OFF DYNAMICLIGHTMAP_OFF UNITY_HDR_ON GEOM_TYPE_BRANCH ok=1
Cmd: compileSnippet
  api=0 type=1 insize=88439 outsize=6 kw=LIGHTMAP_OFF DIRLIGHTMAP_OFF DYNAMICLIGHTMAP_OFF HDR_LIGHT_PREPASS_OFF GEOM_TYPE_BRANCH_BLEND ok=1
Cmd: compileSnippet
  api=0 type=1 insize=88439 outsize=6 kw=LIGHTMAP_OFF DIRLIGHTMAP_OFF DYNAMICLIGHTMAP_OFF HDR_LIGHT_PREPASS_OFF GEOM_TYPE_FROND ok=1
Cmd: compileSnippet
  api=0 type=1 insize=88439 outsize=6 kw=LIGHTMAP_OFF DIRLIGHTMAP_OFF DYNAMICLIGHTMAP_OFF UNITY_HDR_ON GEOM_TYPE_LEAF ok=1
Cmd: compileSnippet
  api=0 type=1 insize=88439 outsize=6 kw=LIGHTMAP_OFF DIRLIGHTMAP_OFF DYNAMICLIGHTMAP_OFF UNITY_HDR_ON GEOM_TYPE_FACING_LEAF ok=1
Cmd: compileSnippet
  api=0 type=1 insize=88439 outsize=6 kw=LIGHTMAP_OFF DIRLIGHTMAP_OFF DYNAMICLIGHTMAP_OFF LOD_FADE_PERCENTAGE HDR_LIGHT_PREPASS_OFF GEOM_TYPE_BRANCH ok=1
Cmd: compileSnippet
  api=0 type=1 insize=88439 outsize=6 kw=LIGHTMAP_OFF DIRLIGHTMAP_OFF DYNAMICLIGHTMAP_OFF UNITY_HDR_ON LOD_FADE_PERCENTAGE GEOM_TYPE_BRANCH_BLEND ok=1
Cmd: compileSnippet
  api=0 type=1 insize=88439 outsize=6 kw=LIGHTMAP_OFF DIRLIGHTMAP_OFF DYNAMICLIGHTMAP_OFF LOD_FADE_PERCENTAGE HDR_LIGHT_PREPASS_OFF GEOM_TYPE_FROND ok=1
Cmd: compileSnippet
  api=0 type=1 insize=88439 outsize=6 kw=LIGHTMAP_OFF DIRLIGHTMAP_OFF DYNAMICLIGHTMAP_OFF LOD_FADE_PERCENTAGE HDR_LIGHT_PREPASS_OFF GEOM_TYPE_LEAF ok=1
Cmd: compileSnippet
  api=0 type=1 insize=88439 outsize=6 kw=LIGHTMAP_OFF DIRLIGHTMAP_OFF DYNAMICLIGHTMAP_OFF LOD_FADE_PERCENTAGE HDR_LIGHT_PREPASS_OFF GEOM_TYPE_FACING_LEAF ok=1
Cmd: compileSnippet
  api=0 type=0 insize=1123 outsize=487 kw=SHADOWS_CUBE GEOM_TYPE_BRANCH ok=1
Cmd: compileSnippet
  api=0 type=0 insize=1123 outsize=1973 kw=SHADOWS_DEPTH GEOM_TYPE_BRANCH_BLEND ok=1
Cmd: compileSnippet
  api=0 type=0 insize=1123 outsize=2309 kw=SHADOWS_DEPTH GEOM_TYPE_FROND ok=1
Cmd: compileSnippet
  api=0 type=0 insize=1123 outsize=1004 kw=SHADOWS_CUBE GEOM_TYPE_LEAF ok=1
Cmd: compileSnippet
  api=0 type=0 insize=1123 outsize=1387 kw=SHADOWS_CUBE GEOM_TYPE_FACING_LEAF ok=1
Cmd: compileSnippet
  api=0 type=0 insize=1123 outsize=2049 kw=SHADOWS_DEPTH LOD_FADE_PERCENTAGE GEOM_TYPE_BRANCH ok=1
Cmd: compileSnippet
  api=0 type=0 insize=1123 outsize=638 kw=SHADOWS_CUBE LOD_FADE_PERCENTAGE GEOM_TYPE_BRANCH_BLEND ok=1
Cmd: compileSnippet
  api=0 type=0 insize=1123 outsize=2385 kw=SHADOWS_DEPTH LOD_FADE_PERCENTAGE GEOM_TYPE_FROND ok=1
Cmd: compileSnippet
  api=0 type=0 insize=1123 outsize=1226 kw=SHADOWS_CUBE LOD_FADE_PERCENTAGE GEOM_TYPE_LEAF ok=1
Cmd: compileSnippet
  api=0 type=0 insize=1123 outsize=2977 kw=SHADOWS_DEPTH LOD_FADE_PERCENTAGE GEOM_TYPE_FACING_LEAF ok=1
Cmd: compileSnippet
  api=0 type=1 insize=1123 outsize=6 kw=SHADOWS_CUBE GEOM_TYPE_BRANCH ok=1
Cmd: compileSnippet
  api=0 type=1 insize=1123 outsize=6 kw=SHADOWS_DEPTH GEOM_TYPE_BRANCH_BLEND ok=1
Cmd: compileSnippet
  api=0 type=1 insize=1123 outsize=6 kw=SHADOWS_DEPTH GEOM_TYPE_FROND ok=1
Cmd: compileSnippet
  api=0 type=1 insize=1123 outsize=6 kw=SHADOWS_DEPTH GEOM_TYPE_LEAF ok=1
Cmd: compileSnippet
  api=0 type=1 insize=1123 outsize=6 kw=SHADOWS_DEPTH GEOM_TYPE_FACING_LEAF ok=1
Cmd: compileSnippet
  api=0 type=1 insize=1123 outsize=6 kw=SHADOWS_DEPTH LOD_FADE_PERCENTAGE GEOM_TYPE_BRANCH ok=1
Cmd: compileSnippet
  api=0 type=1 insize=1123 outsize=6 kw=SHADOWS_DEPTH LOD_FADE_PERCENTAGE GEOM_TYPE_BRANCH_BLEND ok=1
Cmd: compileSnippet
  api=0 type=1 insize=1123 outsize=6 kw=SHADOWS_DEPTH LOD_FADE_PERCENTAGE GEOM_TYPE_FROND ok=1
Cmd: compileSnippet
  api=0 type=1 insize=1123 outsize=6 kw=SHADOWS_DEPTH LOD_FADE_PERCENTAGE GEOM_TYPE_LEAF ok=1
Cmd: compileSnippet
  api=0 type=1 insize=1123 outsize=6 kw=SHADOWS_DEPTH LOD_FADE_PERCENTAGE GEOM_TYPE_FACING_LEAF ok=1
Cmd: compileSnippet
  api=0 type=0 insize=1156 outsize=2533 kw=GEOM_TYPE_BRANCH_BLEND ok=1
Cmd: compileSnippet
  api=0 type=0 insize=1156 outsize=2494 kw=GEOM_TYPE_LEAF ok=1
Cmd: compileSnippet
  api=0 type=0 insize=1156 outsize=2269 kw=LOD_FADE_PERCENTAGE GEOM_TYPE_BRANCH ok=1
Cmd: compileSnippet
  api=0 type=0 insize=1156 outsize=2415 kw=LOD_FADE_PERCENTAGE GEOM_TYPE_FROND ok=1
Cmd: compileSnippet
  api=0 type=0 insize=1156 outsize=2725 kw=LOD_FADE_PERCENTAGE GEOM_TYPE_LEAF ok=1
Cmd: compileSnippet
  api=0 type=1 insize=1156 outsize=6 kw=GEOM_TYPE_BRANCH_BLEND ok=1
Cmd: compileSnippet
  api=0 type=1 insize=1156 outsize=6 kw=GEOM_TYPE_LEAF ok=1
Cmd: compileSnippet
  api=0 type=1 insize=1156 outsize=6 kw=LOD_FADE_PERCENTAGE GEOM_TYPE_BRANCH ok=1
Cmd: compileSnippet
  api=0 type=1 insize=1156 outsize=6 kw=LOD_FADE_PERCENTAGE GEOM_TYPE_FROND ok=1
Cmd: compileSnippet
  api=0 type=1 insize=1156 outsize=6 kw=LOD_FADE_PERCENTAGE GEOM_TYPE_LEAF ok=1
Cmd: compileSnippet
  api=0 type=0 insize=116133 outsize=6258 kw=DIRECTIONAL SHADOWS_SCREEN LIGHTMAP_OFF DIRLIGHTMAP_OFF DYNAMICLIGHTMAP_OFF ok=1
Cmd: compileSnippet
  api=0 type=0 insize=116133 outsize=7495 kw=DIRECTIONAL SHADOWS_SCREEN LIGHTMAP_OFF DIRLIGHTMAP_OFF DYNAMICLIGHTMAP_OFF VERTEXLIGHT_ON ok=1
Cmd: compileSnippet
  api=0 type=0 insize=116133 outsize=6829 kw=DIRECTIONAL SHADOWS_SCREEN LIGHTMAP_OFF DIRLIGHTMAP_OFF DYNAMICLIGHTMAP_OFF EFFECT_HUE_VARIATION ok=1
Cmd: compileSnippet
  api=0 type=0 insize=116133 outsize=8066 kw=DIRECTIONAL SHADOWS_SCREEN LIGHTMAP_OFF DIRLIGHTMAP_OFF DYNAMICLIGHTMAP_OFF VERTEXLIGHT_ON EFFECT_HUE_VARIATION ok=1
Cmd: compileSnippet
  api=0 type=0 insize=116133 outsize=7501 kw=DIRECTIONAL SHADOWS_SCREEN LIGHTMAP_OFF DIRLIGHTMAP_OFF DYNAMICLIGHTMAP_OFF EFFECT_BUMP ok=1
Cmd: compileSnippet
  api=0 type=0 insize=116133 outsize=8695 kw=DIRECTIONAL SHADOWS_SCREEN LIGHTMAP_OFF DIRLIGHTMAP_OFF DYNAMICLIGHTMAP_OFF VERTEXLIGHT_ON EFFECT_BUMP ok=1
Cmd: compileSnippet
  api=0 type=0 insize=116133 outsize=8793 kw=DIRECTIONAL SHADOWS_OFF LIGHTMAP_OFF DIRLIGHTMAP_OFF DYNAMICLIGHTMAP_OFF VERTEXLIGHT_ON EFFECT_BUMP EFFECT_HUE_VARIATION ok=1
Cmd: compileSnippet
  api=0 type=0 insize=116133 outsize=7285 kw=DIRECTIONAL SHADOWS_OFF LIGHTMAP_OFF DIRLIGHTMAP_OFF DYNAMICLIGHTMAP_OFF BILLBOARD_FACE_CAMERA_POS ok=1
Cmd: compileSnippet
  api=0 type=0 insize=116133 outsize=8522 kw=DIRECTIONAL SHADOWS_OFF LIGHTMAP_OFF DIRLIGHTMAP_OFF DYNAMICLIGHTMAP_OFF VERTEXLIGHT_ON BILLBOARD_FACE_CAMERA_POS ok=1
Cmd: compileSnippet
  api=0 type=0 insize=116133 outsize=7853 kw=DIRECTIONAL SHADOWS_OFF LIGHTMAP_OFF DIRLIGHTMAP_OFF DYNAMICLIGHTMAP_OFF EFFECT_HUE_VARIATION BILLBOARD_FACE_CAMERA_POS ok=1
Cmd: compileSnippet
  api=0 type=0 insize=116133 outsize=9090 kw=DIRECTIONAL SHADOWS_OFF LIGHTMAP_OFF DIRLIGHTMAP_OFF DYNAMICLIGHTMAP_OFF VERTEXLIGHT_ON EFFECT_HUE_VARIATION BILLBOARD_FACE_CAMERA_POS ok=1
Cmd: compileSnippet
  api=0 type=0 insize=116133 outsize=8520 kw=DIRECTIONAL SHADOWS_OFF LIGHTMAP_OFF DIRLIGHTMAP_OFF DYNAMICLIGHTMAP_OFF EFFECT_BUMP BILLBOARD_FACE_CAMERA_POS ok=1
Cmd: compileSnippet
  api=0 type=0 insize=116133 outsize=9714 kw=DIRECTIONAL SHADOWS_OFF LIGHTMAP_OFF DIRLIGHTMAP_OFF DYNAMICLIGHTMAP_OFF VERTEXLIGHT_ON EFFECT_BUMP BILLBOARD_FACE_CAMERA_POS ok=1
Cmd: compileSnippet
  api=0 type=0 insize=116133 outsize=9572 kw=DIRECTIONAL SHADOWS_SCREEN LIGHTMAP_OFF DIRLIGHTMAP_OFF DYNAMICLIGHTMAP_OFF EFFECT_BUMP EFFECT_HUE_VARIATION BILLBOARD_FACE_CAMERA_POS ok=1
Cmd: compileSnippet
  api=0 type=0 insize=116133 outsize=10766 kw=DIRECTIONAL SHADOWS_SCREEN LIGHTMAP_OFF DIRLIGHTMAP_OFF DYNAMICLIGHTMAP_OFF VERTEXLIGHT_ON EFFECT_BUMP EFFECT_HUE_VARIATION BILLBOARD_FACE_CAMERA_POS ok=1
Cmd: compileSnippet
  api=0 type=0 insize=116133 outsize=7142 kw=DIRECTIONAL SHADOWS_SCREEN LIGHTMAP_OFF DIRLIGHTMAP_OFF DYNAMICLIGHTMAP_OFF LOD_FADE_CROSSFADE ok=1
Cmd: compileSnippet
  api=0 type=0 insize=116133 outsize=8379 kw=DIRECTIONAL SHADOWS_SCREEN LIGHTMAP_OFF DIRLIGHTMAP_OFF DYNAMICLIGHTMAP_OFF VERTEXLIGHT_ON LOD_FADE_CROSSFADE ok=1
Cmd: compileSnippet
  api=0 type=0 insize=116133 outsize=7714 kw=DIRECTIONAL SHADOWS_SCREEN LIGHTMAP_OFF DIRLIGHTMAP_OFF DYNAMICLIGHTMAP_OFF LOD_FADE_CROSSFADE EFFECT_HUE_VARIATION ok=1
Cmd: compileSnippet
  api=0 type=0 insize=116133 outsize=8951 kw=DIRECTIONAL SHADOWS_SCREEN LIGHTMAP_OFF DIRLIGHTMAP_OFF DYNAMICLIGHTMAP_OFF VERTEXLIGHT_ON LOD_FADE_CROSSFADE EFFECT_HUE_VARIATION ok=1
Cmd: compileSnippet
  api=0 type=0 insize=116133 outsize=8390 kw=DIRECTIONAL SHADOWS_SCREEN LIGHTMAP_OFF DIRLIGHTMAP_OFF DYNAMICLIGHTMAP_OFF LOD_FADE_CROSSFADE EFFECT_BUMP ok=1
Cmd: compileSnippet
  api=0 type=0 insize=116133 outsize=9584 kw=DIRECTIONAL SHADOWS_SCREEN LIGHTMAP_OFF DIRLIGHTMAP_OFF DYNAMICLIGHTMAP_OFF VERTEXLIGHT_ON LOD_FADE_CROSSFADE EFFECT_BUMP ok=1
Cmd: compileSnippet
  api=0 type=0 insize=116133 outsize=8964 kw=DIRECTIONAL SHADOWS_SCREEN LIGHTMAP_OFF DIRLIGHTMAP_OFF DYNAMICLIGHTMAP_OFF LOD_FADE_CROSSFADE EFFECT_BUMP EFFECT_HUE_VARIATION ok=1
Cmd: compileSnippet
  api=0 type=0 insize=116133 outsize=10158 kw=DIRECTIONAL SHADOWS_SCREEN LIGHTMAP_OFF DIRLIGHTMAP_OFF DYNAMICLIGHTMAP_OFF VERTEXLIGHT_ON LOD_FADE_CROSSFADE EFFECT_BUMP EFFECT_HUE_VARIATION ok=1
Cmd: compileSnippet
  api=0 type=0 insize=116133 outsize=8645 kw=DIRECTIONAL SHADOWS_SCREEN LIGHTMAP_OFF DIRLIGHTMAP_OFF DYNAMICLIGHTMAP_OFF LOD_FADE_CROSSFADE BILLBOARD_FACE_CAMERA_POS ok=1
Cmd: compileSnippet
  api=0 type=0 insize=116133 outsize=9882 kw=DIRECTIONAL SHADOWS_SCREEN LIGHTMAP_OFF DIRLIGHTMAP_OFF DYNAMICLIGHTMAP_OFF VERTEXLIGHT_ON LOD_FADE_CROSSFADE BILLBOARD_FACE_CAMERA_POS ok=1
Cmd: compileSnippet
  api=0 type=0 insize=116133 outsize=9217 kw=DIRECTIONAL SHADOWS_SCREEN LIGHTMAP_OFF DIRLIGHTMAP_OFF DYNAMICLIGHTMAP_OFF LOD_FADE_CROSSFADE EFFECT_HUE_VARIATION BILLBOARD_FACE_CAMERA_POS ok=1
Cmd: compileSnippet
  api=0 type=0 insize=116133 outsize=10454 kw=DIRECTIONAL SHADOWS_SCREEN LIGHTMAP_OFF DIRLIGHTMAP_OFF DYNAMICLIGHTMAP_OFF VERTEXLIGHT_ON LOD_FADE_CROSSFADE EFFECT_HUE_VARIATION BILLBOARD_FACE_CAMERA_POS ok=1
Cmd: compileSnippet
  api=0 type=0 insize=116133 outsize=9885 kw=DIRECTIONAL SHADOWS_SCREEN LIGHTMAP_OFF DIRLIGHTMAP_OFF DYNAMICLIGHTMAP_OFF LOD_FADE_CROSSFADE EFFECT_BUMP BILLBOARD_FACE_CAMERA_POS ok=1
Cmd: compileSnippet
  api=0 type=0 insize=116133 outsize=11079 kw=DIRECTIONAL SHADOWS_SCREEN LIGHTMAP_OFF DIRLIGHTMAP_OFF DYNAMICLIGHTMAP_OFF VERTEXLIGHT_ON LOD_FADE_CROSSFADE EFFECT_BUMP BILLBOARD_FACE_CAMERA_POS ok=1
Cmd: compileSnippet
  api=0 type=0 insize=116133 outsize=11206 kw=DIRECTIONAL SHADOWS_OFF LIGHTMAP_OFF DIRLIGHTMAP_OFF DYNAMICLIGHTMAP_OFF VERTEXLIGHT_ON LOD_FADE_CROSSFADE EFFECT_BUMP EFFECT_HUE_VARIATION BILLBOARD_FACE_CAMERA_POS ok=1
Cmd: compileSnippet
  api=0 type=1 insize=116133 outsize=6 kw=DIRECTIONAL SHADOWS_SCREEN LIGHTMAP_OFF DIRLIGHTMAP_OFF DYNAMICLIGHTMAP_OFF ok=1
Cmd: compileSnippet
  api=0 type=1 insize=116133 outsize=6 kw=DIRECTIONAL SHADOWS_SCREEN LIGHTMAP_OFF DIRLIGHTMAP_OFF DYNAMICLIGHTMAP_OFF EFFECT_HUE_VARIATION ok=1
Cmd: compileSnippet
  api=0 type=1 insize=116133 outsize=6 kw=DIRECTIONAL SHADOWS_SCREEN LIGHTMAP_OFF DIRLIGHTMAP_OFF DYNAMICLIGHTMAP_OFF EFFECT_BUMP ok=1
Cmd: compileSnippet
  api=0 type=1 insize=116133 outsize=6 kw=DIRECTIONAL SHADOWS_OFF LIGHTMAP_OFF DIRLIGHTMAP_OFF DYNAMICLIGHTMAP_OFF BILLBOARD_FACE_CAMERA_POS ok=1
Cmd: compileSnippet
  api=0 type=1 insize=116133 outsize=6 kw=DIRECTIONAL SHADOWS_SCREEN LIGHTMAP_OFF DIRLIGHTMAP_OFF DYNAMICLIGHTMAP_OFF BILLBOARD_FACE_CAMERA_POS ok=1
Cmd: compileSnippet
  api=0 type=1 insize=116133 outsize=6 kw=DIRECTIONAL SHADOWS_OFF LIGHTMAP_OFF DIRLIGHTMAP_OFF DYNAMICLIGHTMAP_OFF EFFECT_BUMP BILLBOARD_FACE_CAMERA_POS ok=1
Cmd: compileSnippet
  api=0 type=1 insize=116133 outsize=6 kw=DIRECTIONAL SHADOWS_SCREEN LIGHTMAP_OFF DIRLIGHTMAP_OFF DYNAMICLIGHTMAP_OFF EFFECT_BUMP EFFECT_HUE_VARIATION BILLBOARD_FACE_CAMERA_POS ok=1
Cmd: compileSnippet
  api=0 type=1 insize=116133 outsize=6 kw=DIRECTIONAL SHADOWS_SCREEN LIGHTMAP_OFF DIRLIGHTMAP_OFF DYNAMICLIGHTMAP_OFF LOD_FADE_CROSSFADE ok=1
Cmd: compileSnippet
  api=0 type=1 insize=116133 outsize=6 kw=DIRECTIONAL SHADOWS_OFF LIGHTMAP_OFF DIRLIGHTMAP_OFF DYNAMICLIGHTMAP_OFF LOD_FADE_CROSSFADE EFFECT_HUE_VARIATION ok=1
Cmd: compileSnippet
  api=0 type=1 insize=116133 outsize=6 kw=DIRECTIONAL SHADOWS_SCREEN LIGHTMAP_OFF DIRLIGHTMAP_OFF DYNAMICLIGHTMAP_OFF LOD_FADE_CROSSFADE EFFECT_BUMP ok=1
Cmd: compileSnippet
  api=0 type=1 insize=116133 outsize=6 kw=DIRECTIONAL SHADOWS_SCREEN LIGHTMAP_OFF DIRLIGHTMAP_OFF DYNAMICLIGHTMAP_OFF LOD_FADE_CROSSFADE EFFECT_BUMP EFFECT_HUE_VARIATION ok=1
Cmd: compileSnippet
  api=0 type=1 insize=116133 outsize=6 kw=DIRECTIONAL SHADOWS_SCREEN LIGHTMAP_OFF DIRLIGHTMAP_OFF DYNAMICLIGHTMAP_OFF LOD_FADE_CROSSFADE BILLBOARD_FACE_CAMERA_POS ok=1
Cmd: compileSnippet
  api=0 type=1 insize=116133 outsize=6 kw=DIRECTIONAL SHADOWS_OFF LIGHTMAP_OFF DIRLIGHTMAP_OFF DYNAMICLIGHTMAP_OFF LOD_FADE_CROSSFADE EFFECT_HUE_VARIATION BILLBOARD_FACE_CAMERA_POS ok=1
Cmd: compileSnippet
  api=0 type=1 insize=116133 outsize=6 kw=DIRECTIONAL SHADOWS_SCREEN LIGHTMAP_OFF DIRLIGHTMAP_OFF DYNAMICLIGHTMAP_OFF LOD_FADE_CROSSFADE EFFECT_BUMP BILLBOARD_FACE_CAMERA_POS ok=1
Cmd: compileSnippet
  api=0 type=0 insize=73205 outsize=4858 kw=DIRECTIONAL ok=1
Cmd: compileSnippet
  api=0 type=0 insize=73205 outsize=5328 kw=SPOT ok=1
Cmd: compileSnippet
  api=0 type=0 insize=73205 outsize=5752 kw=POINT EFFECT_HUE_VARIATION ok=1
Cmd: compileSnippet
  api=0 type=0 insize=73205 outsize=5891 kw=SPOT EFFECT_HUE_VARIATION ok=1
Cmd: compileSnippet
  api=0 type=0 insize=73205 outsize=5648 kw=DIRECTIONAL_COOKIE EFFECT_HUE_VARIATION ok=1
Cmd: compileSnippet
  api=0 type=0 insize=73205 outsize=6055 kw=DIRECTIONAL EFFECT_BUMP ok=1
Cmd: compileSnippet
  api=0 type=0 insize=73205 outsize=6474 kw=POINT_COOKIE EFFECT_BUMP ok=1
Cmd: compileSnippet
  api=0 type=0 insize=73205 outsize=6957 kw=POINT EFFECT_BUMP EFFECT_HUE_VARIATION ok=1
Cmd: compileSnippet
  api=0 type=0 insize=73205 outsize=7041 kw=POINT_COOKIE EFFECT_BUMP EFFECT_HUE_VARIATION ok=1
Cmd: compileSnippet
  api=0 type=0 insize=73205 outsize=6691 kw=POINT BILLBOARD_FACE_CAMERA_POS ok=1
Cmd: compileSnippet
  api=0 type=0 insize=73205 outsize=6830 kw=SPOT BILLBOARD_FACE_CAMERA_POS ok=1
Cmd: compileSnippet
  api=0 type=0 insize=73205 outsize=6591 kw=DIRECTIONAL_COOKIE BILLBOARD_FACE_CAMERA_POS ok=1
Cmd: compileSnippet
  api=0 type=0 insize=73205 outsize=6914 kw=DIRECTIONAL EFFECT_HUE_VARIATION BILLBOARD_FACE_CAMERA_POS ok=1
Cmd: compileSnippet
  api=0 type=0 insize=73205 outsize=7337 kw=POINT_COOKIE EFFECT_HUE_VARIATION BILLBOARD_FACE_CAMERA_POS ok=1
Cmd: compileSnippet
  api=0 type=0 insize=73205 outsize=7885 kw=POINT EFFECT_BUMP BILLBOARD_FACE_CAMERA_POS ok=1
Cmd: compileSnippet
  api=0 type=0 insize=73205 outsize=8024 kw=SPOT EFFECT_BUMP BILLBOARD_FACE_CAMERA_POS ok=1
Cmd: compileSnippet
  api=0 type=0 insize=73205 outsize=7780 kw=DIRECTIONAL_COOKIE EFFECT_BUMP BILLBOARD_FACE_CAMERA_POS ok=1
Cmd: compileSnippet
  api=0 type=0 insize=73205 outsize=8593 kw=SPOT EFFECT_BUMP EFFECT_HUE_VARIATION BILLBOARD_FACE_CAMERA_POS ok=1
Cmd: compileSnippet
  api=0 type=0 insize=73205 outsize=8347 kw=DIRECTIONAL_COOKIE EFFECT_BUMP EFFECT_HUE_VARIATION BILLBOARD_FACE_CAMERA_POS ok=1
Cmd: compileSnippet
  api=0 type=0 insize=73205 outsize=5760 kw=DIRECTIONAL LOD_FADE_CROSSFADE ok=1
Cmd: compileSnippet
  api=0 type=0 insize=73205 outsize=6183 kw=POINT_COOKIE LOD_FADE_CROSSFADE ok=1
Cmd: compileSnippet
  api=0 type=0 insize=73205 outsize=6668 kw=POINT LOD_FADE_CROSSFADE EFFECT_HUE_VARIATION ok=1
Cmd: compileSnippet
  api=0 type=0 insize=73205 outsize=6810 kw=SPOT LOD_FADE_CROSSFADE EFFECT_HUE_VARIATION ok=1
Cmd: compileSnippet
  api=0 type=0 insize=73205 outsize=6564 kw=DIRECTIONAL_COOKIE LOD_FADE_CROSSFADE EFFECT_HUE_VARIATION ok=1
Cmd: compileSnippet
  api=0 type=0 insize=73205 outsize=6966 kw=DIRECTIONAL LOD_FADE_CROSSFADE EFFECT_BUMP ok=1
Cmd: compileSnippet
  api=0 type=0 insize=73205 outsize=7389 kw=POINT_COOKIE LOD_FADE_CROSSFADE EFFECT_BUMP ok=1
Cmd: compileSnippet
  api=0 type=0 insize=73205 outsize=7876 kw=POINT LOD_FADE_CROSSFADE EFFECT_BUMP EFFECT_HUE_VARIATION ok=1
Cmd: compileSnippet
  api=0 type=0 insize=73205 outsize=8018 kw=SPOT LOD_FADE_CROSSFADE EFFECT_BUMP EFFECT_HUE_VARIATION ok=1
Cmd: compileSnippet
  api=0 type=0 insize=73205 outsize=7772 kw=DIRECTIONAL_COOKIE LOD_FADE_CROSSFADE EFFECT_BUMP EFFECT_HUE_VARIATION ok=1
Cmd: compileSnippet
  api=0 type=0 insize=73205 outsize=7262 kw=DIRECTIONAL LOD_FADE_CROSSFADE BILLBOARD_FACE_CAMERA_POS ok=1
Cmd: compileSnippet
  api=0 type=0 insize=73205 outsize=7685 kw=POINT_COOKIE LOD_FADE_CROSSFADE BILLBOARD_FACE_CAMERA_POS ok=1
Cmd: compileSnippet
  api=0 type=0 insize=73205 outsize=8170 kw=POINT LOD_FADE_CROSSFADE EFFECT_HUE_VARIATION BILLBOARD_FACE_CAMERA_POS ok=1
Cmd: compileSnippet
  api=0 type=0 insize=73205 outsize=8312 kw=SPOT LOD_FADE_CROSSFADE EFFECT_HUE_VARIATION BILLBOARD_FACE_CAMERA_POS ok=1
Cmd: compileSnippet
  api=0 type=0 insize=73205 outsize=8066 kw=DIRECTIONAL_COOKIE LOD_FADE_CROSSFADE EFFECT_HUE_VARIATION BILLBOARD_FACE_CAMERA_POS ok=1
Cmd: compileSnippet
  api=0 type=0 insize=73205 outsize=8460 kw=DIRECTIONAL LOD_FADE_CROSSFADE EFFECT_BUMP BILLBOARD_FACE_CAMERA_POS ok=1
Cmd: compileSnippet
  api=0 type=0 insize=73205 outsize=8883 kw=POINT_COOKIE LOD_FADE_CROSSFADE EFFECT_BUMP BILLBOARD_FACE_CAMERA_POS ok=1
Cmd: compileSnippet
  api=0 type=0 insize=73205 outsize=9370 kw=POINT LOD_FADE_CROSSFADE EFFECT_BUMP EFFECT_HUE_VARIATION BILLBOARD_FACE_CAMERA_POS ok=1
Cmd: compileSnippet
  api=0 type=0 insize=73205 outsize=9512 kw=SPOT LOD_FADE_CROSSFADE EFFECT_BUMP EFFECT_HUE_VARIATION BILLBOARD_FACE_CAMERA_POS ok=1
Cmd: compileSnippet
  api=0 type=0 insize=73205 outsize=9266 kw=DIRECTIONAL_COOKIE LOD_FADE_CROSSFADE EFFECT_BUMP EFFECT_HUE_VARIATION BILLBOARD_FACE_CAMERA_POS ok=1
Cmd: compileSnippet
  api=0 type=1 insize=73205 outsize=6 kw=DIRECTIONAL ok=1
Cmd: compileSnippet
  api=0 type=1 insize=73205 outsize=6 kw=POINT_COOKIE ok=1
Cmd: compileSnippet
  api=0 type=1 insize=73205 outsize=6 kw=DIRECTIONAL_COOKIE ok=1
Cmd: compileSnippet
  api=0 type=1 insize=73205 outsize=6 kw=DIRECTIONAL EFFECT_HUE_VARIATION ok=1
Cmd: compileSnippet
  api=0 type=1 insize=73205 outsize=6 kw=POINT_COOKIE EFFECT_HUE_VARIATION ok=1
Cmd: compileSnippet
  api=0 type=1 insize=73205 outsize=6 kw=POINT EFFECT_BUMP ok=1
Cmd: compileSnippet
  api=0 type=1 insize=73205 outsize=6 kw=SPOT EFFECT_BUMP ok=1
Cmd: compileSnippet
  api=0 type=1 insize=73205 outsize=6 kw=DIRECTIONAL_COOKIE EFFECT_BUMP ok=1
Cmd: compileSnippet
  api=0 type=1 insize=73205 outsize=6 kw=POINT_COOKIE EFFECT_BUMP EFFECT_HUE_VARIATION ok=1
Cmd: compileSnippet
  api=0 type=1 insize=73205 outsize=6 kw=DIRECTIONAL_COOKIE EFFECT_BUMP EFFECT_HUE_VARIATION ok=1
Cmd: compileSnippet
  api=0 type=1 insize=73205 outsize=6 kw=SPOT BILLBOARD_FACE_CAMERA_POS ok=1
Cmd: compileSnippet
  api=0 type=1 insize=73205 outsize=6 kw=POINT_COOKIE BILLBOARD_FACE_CAMERA_POS ok=1
Cmd: compileSnippet
  api=0 type=1 insize=73205 outsize=6 kw=POINT EFFECT_HUE_VARIATION BILLBOARD_FACE_CAMERA_POS ok=1
Cmd: compileSnippet
  api=0 type=1 insize=73205 outsize=6 kw=POINT_COOKIE EFFECT_HUE_VARIATION BILLBOARD_FACE_CAMERA_POS ok=1
Cmd: compileSnippet
  api=0 type=1 insize=73205 outsize=6 kw=POINT EFFECT_BUMP BILLBOARD_FACE_CAMERA_POS ok=1
Cmd: compileSnippet
  api=0 type=1 insize=73205 outsize=6 kw=SPOT EFFECT_BUMP BILLBOARD_FACE_CAMERA_POS ok=1
Cmd: compileSnippet
  api=0 type=1 insize=73205 outsize=6 kw=DIRECTIONAL_COOKIE EFFECT_BUMP BILLBOARD_FACE_CAMERA_POS ok=1
Cmd: compileSnippet
  api=0 type=1 insize=73205 outsize=6 kw=SPOT EFFECT_BUMP EFFECT_HUE_VARIATION BILLBOARD_FACE_CAMERA_POS ok=1
Cmd: compileSnippet
  api=0 type=1 insize=73205 outsize=6 kw=DIRECTIONAL_COOKIE EFFECT_BUMP EFFECT_HUE_VARIATION BILLBOARD_FACE_CAMERA_POS ok=1
Cmd: compileSnippet
  api=0 type=1 insize=73205 outsize=6 kw=DIRECTIONAL LOD_FADE_CROSSFADE ok=1
Cmd: compileSnippet
  api=0 type=1 insize=73205 outsize=6 kw=POINT_COOKIE LOD_FADE_CROSSFADE ok=1
Cmd: compileSnippet
  api=0 type=1 insize=73205 outsize=6 kw=POINT LOD_FADE_CROSSFADE EFFECT_HUE_VARIATION ok=1
Cmd: compileSnippet
  api=0 type=1 insize=73205 outsize=6 kw=SPOT LOD_FADE_CROSSFADE EFFECT_HUE_VARIATION ok=1
Cmd: compileSnippet
  api=0 type=1 insize=73205 outsize=6 kw=POINT_COOKIE LOD_FADE_CROSSFADE EFFECT_HUE_VARIATION ok=1
Cmd: compileSnippet
  api=0 type=1 insize=73205 outsize=6 kw=POINT LOD_FADE_CROSSFADE EFFECT_BUMP ok=1
Cmd: compileSnippet
  api=0 type=1 insize=73205 outsize=6 kw=POINT_COOKIE LOD_FADE_CROSSFADE EFFECT_BUMP ok=1
Cmd: compileSnippet
  api=0 type=1 insize=73205 outsize=6 kw=DIRECTIONAL_COOKIE LOD_FADE_CROSSFADE EFFECT_BUMP ok=1
Cmd: compileSnippet
  api=0 type=1 insize=73205 outsize=6 kw=DIRECTIONAL LOD_FADE_CROSSFADE EFFECT_BUMP EFFECT_HUE_VARIATION ok=1
Cmd: compileSnippet
  api=0 type=1 insize=73205 outsize=6 kw=POINT_COOKIE LOD_FADE_CROSSFADE EFFECT_BUMP EFFECT_HUE_VARIATION ok=1
Cmd: compileSnippet
  api=0 type=1 insize=73205 outsize=6 kw=POINT LOD_FADE_CROSSFADE BILLBOARD_FACE_CAMERA_POS ok=1
Cmd: compileSnippet
  api=0 type=1 insize=73205 outsize=6 kw=POINT_COOKIE LOD_FADE_CROSSFADE BILLBOARD_FACE_CAMERA_POS ok=1
Cmd: compileSnippet
  api=0 type=1 insize=73205 outsize=6 kw=POINT LOD_FADE_CROSSFADE EFFECT_HUE_VARIATION BILLBOARD_FACE_CAMERA_POS ok=1
Cmd: compileSnippet
  api=0 type=1 insize=73205 outsize=6 kw=SPOT LOD_FADE_CROSSFADE EFFECT_HUE_VARIATION BILLBOARD_FACE_CAMERA_POS ok=1
Cmd: compileSnippet
  api=0 type=1 insize=73205 outsize=6 kw=DIRECTIONAL_COOKIE LOD_FADE_CROSSFADE EFFECT_HUE_VARIATION BILLBOARD_FACE_CAMERA_POS ok=1
Cmd: compileSnippet
  api=0 type=1 insize=73205 outsize=6 kw=POINT LOD_FADE_CROSSFADE EFFECT_BUMP BILLBOARD_FACE_CAMERA_POS ok=1
Cmd: compileSnippet
  api=0 type=1 insize=73205 outsize=6 kw=SPOT LOD_FADE_CROSSFADE EFFECT_BUMP BILLBOARD_FACE_CAMERA_POS ok=1
Cmd: compileSnippet
  api=0 type=1 insize=73205 outsize=6 kw=DIRECTIONAL_COOKIE LOD_FADE_CROSSFADE EFFECT_BUMP BILLBOARD_FACE_CAMERA_POS ok=1
Cmd: compileSnippet
  api=0 type=1 insize=73205 outsize=6 kw=DIRECTIONAL LOD_FADE_CROSSFADE EFFECT_BUMP EFFECT_HUE_VARIATION BILLBOARD_FACE_CAMERA_POS ok=1
Cmd: compileSnippet
  api=0 type=1 insize=73205 outsize=6 kw=POINT_COOKIE LOD_FADE_CROSSFADE EFFECT_BUMP EFFECT_HUE_VARIATION BILLBOARD_FACE_CAMERA_POS ok=1
Cmd: compileSnippet
  api=0 type=0 insize=63326 outsize=4676 kw=EFFECT_HUE_VARIATION ok=1
Cmd: compileSnippet
  api=0 type=0 insize=63326 outsize=5958 kw=EFFECT_BUMP EFFECT_HUE_VARIATION ok=1
Cmd: compileSnippet
  api=0 type=0 insize=63326 outsize=6178 kw=EFFECT_HUE_VARIATION BILLBOARD_FACE_CAMERA_POS ok=1
Cmd: compileSnippet
  api=0 type=0 insize=63326 outsize=7452 kw=EFFECT_BUMP EFFECT_HUE_VARIATION BILLBOARD_FACE_CAMERA_POS ok=1
Cmd: compileSnippet
  api=0 type=0 insize=63326 outsize=5578 kw=LOD_FADE_CROSSFADE EFFECT_HUE_VARIATION ok=1
Cmd: compileSnippet
  api=0 type=0 insize=63326 outsize=6860 kw=LOD_FADE_CROSSFADE EFFECT_BUMP EFFECT_HUE_VARIATION ok=1
Cmd: compileSnippet
  api=0 type=0 insize=63326 outsize=7080 kw=LOD_FADE_CROSSFADE EFFECT_HUE_VARIATION BILLBOARD_FACE_CAMERA_POS ok=1
Cmd: compileSnippet
  api=0 type=0 insize=63326 outsize=8354 kw=LOD_FADE_CROSSFADE EFFECT_BUMP EFFECT_HUE_VARIATION BILLBOARD_FACE_CAMERA_POS ok=1
Cmd: compileSnippet
  api=0 type=1 insize=63326 outsize=6 kw=EFFECT_HUE_VARIATION ok=1
Cmd: compileSnippet
  api=0 type=1 insize=63326 outsize=6 kw=EFFECT_BUMP EFFECT_HUE_VARIATION ok=1
Cmd: compileSnippet
  api=0 type=1 insize=63326 outsize=6 kw=EFFECT_HUE_VARIATION BILLBOARD_FACE_CAMERA_POS ok=1
Cmd: compileSnippet
  api=0 type=1 insize=63326 outsize=6 kw=EFFECT_BUMP EFFECT_HUE_VARIATION BILLBOARD_FACE_CAMERA_POS ok=1
Cmd: compileSnippet
  api=0 type=1 insize=63326 outsize=6 kw=LOD_FADE_CROSSFADE EFFECT_HUE_VARIATION ok=1
Cmd: compileSnippet
  api=0 type=1 insize=63326 outsize=6 kw=LOD_FADE_CROSSFADE EFFECT_BUMP EFFECT_HUE_VARIATION ok=1
Cmd: compileSnippet
  api=0 type=1 insize=63326 outsize=6 kw=LOD_FADE_CROSSFADE EFFECT_HUE_VARIATION BILLBOARD_FACE_CAMERA_POS ok=1
Cmd: compileSnippet
  api=0 type=1 insize=63326 outsize=6 kw=LOD_FADE_CROSSFADE EFFECT_BUMP EFFECT_HUE_VARIATION BILLBOARD_FACE_CAMERA_POS ok=1
Cmd: compileSnippet
  api=0 type=0 insize=100891 outsize=6124 kw=LIGHTMAP_OFF DIRLIGHTMAP_OFF DYNAMICLIGHTMAP_OFF UNITY_HDR_ON ok=1
Cmd: compileSnippet
  api=0 type=0 insize=100891 outsize=6685 kw=LIGHTMAP_OFF DIRLIGHTMAP_OFF DYNAMICLIGHTMAP_OFF UNITY_HDR_ON EFFECT_HUE_VARIATION ok=1
Cmd: compileSnippet
  api=0 type=0 insize=100891 outsize=6124 kw=LIGHTMAP_OFF DIRLIGHTMAP_OFF DYNAMICLIGHTMAP_OFF UNITY_HDR_ON EFFECT_BUMP ok=1
Cmd: compileSnippet
  api=0 type=0 insize=100891 outsize=6685 kw=LIGHTMAP_OFF DIRLIGHTMAP_OFF DYNAMICLIGHTMAP_OFF UNITY_HDR_ON EFFECT_BUMP EFFECT_HUE_VARIATION ok=1
Cmd: compileSnippet
  api=0 type=0 insize=100891 outsize=7627 kw=LIGHTMAP_OFF DIRLIGHTMAP_OFF DYNAMICLIGHTMAP_OFF UNITY_HDR_ON BILLBOARD_FACE_CAMERA_POS ok=1
Cmd: compileSnippet
  api=0 type=0 insize=100891 outsize=8188 kw=LIGHTMAP_OFF DIRLIGHTMAP_OFF DYNAMICLIGHTMAP_OFF UNITY_HDR_ON EFFECT_HUE_VARIATION BILLBOARD_FACE_CAMERA_POS ok=1
Cmd: compileSnippet
  api=0 type=0 insize=100891 outsize=7627 kw=LIGHTMAP_OFF DIRLIGHTMAP_OFF DYNAMICLIGHTMAP_OFF UNITY_HDR_ON EFFECT_BUMP BILLBOARD_FACE_CAMERA_POS ok=1
Cmd: compileSnippet
  api=0 type=0 insize=100891 outsize=8188 kw=LIGHTMAP_OFF DIRLIGHTMAP_OFF DYNAMICLIGHTMAP_OFF UNITY_HDR_ON EFFECT_BUMP EFFECT_HUE_VARIATION BILLBOARD_FACE_CAMERA_POS ok=1
Cmd: compileSnippet
  api=0 type=0 insize=100891 outsize=6998 kw=LIGHTMAP_OFF DIRLIGHTMAP_OFF DYNAMICLIGHTMAP_OFF UNITY_HDR_ON LOD_FADE_CROSSFADE ok=1
Cmd: compileSnippet
  api=0 type=0 insize=100891 outsize=7568 kw=LIGHTMAP_OFF DIRLIGHTMAP_OFF DYNAMICLIGHTMAP_OFF UNITY_HDR_ON LOD_FADE_CROSSFADE EFFECT_HUE_VARIATION ok=1
Cmd: compileSnippet
  api=0 type=0 insize=100891 outsize=6998 kw=LIGHTMAP_OFF DIRLIGHTMAP_OFF DYNAMICLIGHTMAP_OFF UNITY_HDR_ON LOD_FADE_CROSSFADE EFFECT_BUMP ok=1
Cmd: compileSnippet
  api=0 type=0 insize=100891 outsize=7568 kw=LIGHTMAP_OFF DIRLIGHTMAP_OFF DYNAMICLIGHTMAP_OFF UNITY_HDR_ON LOD_FADE_CROSSFADE EFFECT_BUMP EFFECT_HUE_VARIATION ok=1
Cmd: compileSnippet
  api=0 type=0 insize=100891 outsize=8501 kw=LIGHTMAP_OFF DIRLIGHTMAP_OFF DYNAMICLIGHTMAP_OFF UNITY_HDR_ON LOD_FADE_CROSSFADE BILLBOARD_FACE_CAMERA_POS ok=1
Cmd: compileSnippet
  api=0 type=0 insize=100891 outsize=9071 kw=LIGHTMAP_OFF DIRLIGHTMAP_OFF DYNAMICLIGHTMAP_OFF UNITY_HDR_ON LOD_FADE_CROSSFADE EFFECT_HUE_VARIATION BILLBOARD_FACE_CAMERA_POS ok=1
Cmd: compileSnippet
  api=0 type=0 insize=100891 outsize=8501 kw=LIGHTMAP_OFF DIRLIGHTMAP_OFF DYNAMICLIGHTMAP_OFF UNITY_HDR_ON LOD_FADE_CROSSFADE EFFECT_BUMP BILLBOARD_FACE_CAMERA_POS ok=1
Cmd: compileSnippet
  api=0 type=0 insize=100891 outsize=9071 kw=LIGHTMAP_OFF DIRLIGHTMAP_OFF DYNAMICLIGHTMAP_OFF UNITY_HDR_ON LOD_FADE_CROSSFADE EFFECT_BUMP EFFECT_HUE_VARIATION BILLBOARD_FACE_CAMERA_POS ok=1
Cmd: compileSnippet
  api=0 type=1 insize=100891 outsize=6 kw=LIGHTMAP_OFF DIRLIGHTMAP_OFF DYNAMICLIGHTMAP_OFF UNITY_HDR_ON ok=1
Cmd: compileSnippet
  api=0 type=1 insize=100891 outsize=6 kw=LIGHTMAP_OFF DIRLIGHTMAP_OFF DYNAMICLIGHTMAP_OFF HDR_LIGHT_PREPASS_OFF EFFECT_HUE_VARIATION ok=1
Cmd: compileSnippet
  api=0 type=1 insize=100891 outsize=6 kw=LIGHTMAP_OFF DIRLIGHTMAP_OFF DYNAMICLIGHTMAP_OFF UNITY_HDR_ON EFFECT_BUMP ok=1
Cmd: compileSnippet
  api=0 type=1 insize=100891 outsize=6 kw=LIGHTMAP_OFF DIRLIGHTMAP_OFF DYNAMICLIGHTMAP_OFF UNITY_HDR_ON EFFECT_BUMP EFFECT_HUE_VARIATION ok=1
Cmd: compileSnippet
  api=0 type=1 insize=100891 outsize=6 kw=LIGHTMAP_OFF DIRLIGHTMAP_OFF DYNAMICLIGHTMAP_OFF UNITY_HDR_ON BILLBOARD_FACE_CAMERA_POS ok=1
Cmd: compileSnippet
  api=0 type=1 insize=100891 outsize=6 kw=LIGHTMAP_OFF DIRLIGHTMAP_OFF DYNAMICLIGHTMAP_OFF UNITY_HDR_ON EFFECT_HUE_VARIATION BILLBOARD_FACE_CAMERA_POS ok=1
Cmd: compileSnippet
  api=0 type=1 insize=100891 outsize=6 kw=LIGHTMAP_OFF DIRLIGHTMAP_OFF DYNAMICLIGHTMAP_OFF UNITY_HDR_ON EFFECT_BUMP BILLBOARD_FACE_CAMERA_POS ok=1
Cmd: compileSnippet
  api=0 type=1 insize=100891 outsize=6 kw=LIGHTMAP_OFF DIRLIGHTMAP_OFF DYNAMICLIGHTMAP_OFF UNITY_HDR_ON EFFECT_BUMP EFFECT_HUE_VARIATION BILLBOARD_FACE_CAMERA_POS ok=1
Cmd: compileSnippet
  api=0 type=1 insize=100891 outsize=6 kw=LIGHTMAP_OFF DIRLIGHTMAP_OFF DYNAMICLIGHTMAP_OFF UNITY_HDR_ON LOD_FADE_CROSSFADE ok=1
Cmd: compileSnippet
  api=0 type=1 insize=100891 outsize=6 kw=LIGHTMAP_OFF DIRLIGHTMAP_OFF DYNAMICLIGHTMAP_OFF UNITY_HDR_ON LOD_FADE_CROSSFADE EFFECT_HUE_VARIATION ok=1
Cmd: compileSnippet
  api=0 type=1 insize=100891 outsize=6 kw=LIGHTMAP_OFF DIRLIGHTMAP_OFF DYNAMICLIGHTMAP_OFF UNITY_HDR_ON LOD_FADE_CROSSFADE EFFECT_BUMP ok=1
Cmd: compileSnippet
  api=0 type=1 insize=100891 outsize=6 kw=LIGHTMAP_OFF DIRLIGHTMAP_OFF DYNAMICLIGHTMAP_OFF UNITY_HDR_ON LOD_FADE_CROSSFADE EFFECT_BUMP EFFECT_HUE_VARIATION ok=1
Cmd: compileSnippet
  api=0 type=1 insize=100891 outsize=6 kw=LIGHTMAP_OFF DIRLIGHTMAP_OFF DYNAMICLIGHTMAP_OFF UNITY_HDR_ON LOD_FADE_CROSSFADE BILLBOARD_FACE_CAMERA_POS ok=1
Cmd: compileSnippet
  api=0 type=1 insize=100891 outsize=6 kw=LIGHTMAP_OFF DIRLIGHTMAP_OFF DYNAMICLIGHTMAP_OFF UNITY_HDR_ON LOD_FADE_CROSSFADE EFFECT_HUE_VARIATION BILLBOARD_FACE_CAMERA_POS ok=1
Cmd: compileSnippet
  api=0 type=1 insize=100891 outsize=6 kw=LIGHTMAP_OFF DIRLIGHTMAP_OFF DYNAMICLIGHTMAP_OFF UNITY_HDR_ON LOD_FADE_CROSSFADE EFFECT_BUMP BILLBOARD_FACE_CAMERA_POS ok=1
Cmd: compileSnippet
  api=0 type=1 insize=100891 outsize=6 kw=LIGHTMAP_OFF DIRLIGHTMAP_OFF DYNAMICLIGHTMAP_OFF UNITY_HDR_ON LOD_FADE_CROSSFADE EFFECT_BUMP EFFECT_HUE_VARIATION BILLBOARD_FACE_CAMERA_POS ok=1
Cmd: compileSnippet
  api=0 type=0 insize=108577 outsize=5987 kw=LIGHTMAP_OFF DIRLIGHTMAP_OFF DYNAMICLIGHTMAP_OFF UNITY_HDR_ON ok=1
Cmd: compileSnippet
  api=0 type=0 insize=108577 outsize=6668 kw=LIGHTMAP_OFF DIRLIGHTMAP_OFF DYNAMICLIGHTMAP_OFF HDR_LIGHT_PREPASS_OFF EFFECT_HUE_VARIATION ok=1
Cmd: compileSnippet
  api=0 type=0 insize=108577 outsize=7340 kw=LIGHTMAP_OFF DIRLIGHTMAP_OFF DYNAMICLIGHTMAP_OFF HDR_LIGHT_PREPASS_OFF EFFECT_BUMP ok=1
Cmd: compileSnippet
  api=0 type=0 insize=108577 outsize=7801 kw=LIGHTMAP_OFF DIRLIGHTMAP_OFF DYNAMICLIGHTMAP_OFF UNITY_HDR_ON EFFECT_BUMP EFFECT_HUE_VARIATION ok=1
Cmd: compileSnippet
  api=0 type=0 insize=108577 outsize=7490 kw=LIGHTMAP_OFF DIRLIGHTMAP_OFF DYNAMICLIGHTMAP_OFF UNITY_HDR_ON BILLBOARD_FACE_CAMERA_POS ok=1
Cmd: compileSnippet
  api=0 type=0 insize=108577 outsize=8171 kw=LIGHTMAP_OFF DIRLIGHTMAP_OFF DYNAMICLIGHTMAP_OFF HDR_LIGHT_PREPASS_OFF EFFECT_HUE_VARIATION BILLBOARD_FACE_CAMERA_POS ok=1
Cmd: compileSnippet
  api=0 type=0 insize=108577 outsize=8724 kw=LIGHTMAP_OFF DIRLIGHTMAP_OFF DYNAMICLIGHTMAP_OFF UNITY_HDR_ON EFFECT_BUMP BILLBOARD_FACE_CAMERA_POS ok=1
Cmd: compileSnippet
  api=0 type=0 insize=108577 outsize=9296 kw=LIGHTMAP_OFF DIRLIGHTMAP_OFF DYNAMICLIGHTMAP_OFF UNITY_HDR_ON EFFECT_BUMP EFFECT_HUE_VARIATION BILLBOARD_FACE_CAMERA_POS ok=1
Cmd: compileSnippet
  api=0 type=0 insize=108577 outsize=6901 kw=LIGHTMAP_OFF DIRLIGHTMAP_OFF DYNAMICLIGHTMAP_OFF UNITY_HDR_ON LOD_FADE_CROSSFADE ok=1
Cmd: compileSnippet
  api=0 type=0 insize=108577 outsize=7475 kw=LIGHTMAP_OFF DIRLIGHTMAP_OFF DYNAMICLIGHTMAP_OFF UNITY_HDR_ON LOD_FADE_CROSSFADE EFFECT_HUE_VARIATION ok=1
Cmd: compileSnippet
  api=0 type=0 insize=108577 outsize=8146 kw=LIGHTMAP_OFF DIRLIGHTMAP_OFF DYNAMICLIGHTMAP_OFF UNITY_HDR_ON LOD_FADE_CROSSFADE EFFECT_BUMP ok=1
Cmd: compileSnippet
  api=0 type=0 insize=108577 outsize=8720 kw=LIGHTMAP_OFF DIRLIGHTMAP_OFF DYNAMICLIGHTMAP_OFF UNITY_HDR_ON LOD_FADE_CROSSFADE EFFECT_BUMP EFFECT_HUE_VARIATION ok=1
Cmd: compileSnippet
  api=0 type=0 insize=108577 outsize=8404 kw=LIGHTMAP_OFF DIRLIGHTMAP_OFF DYNAMICLIGHTMAP_OFF UNITY_HDR_ON LOD_FADE_CROSSFADE BILLBOARD_FACE_CAMERA_POS ok=1
Cmd: compileSnippet
  api=0 type=0 insize=108577 outsize=9088 kw=LIGHTMAP_OFF DIRLIGHTMAP_OFF DYNAMICLIGHTMAP_OFF LOD_FADE_CROSSFADE HDR_LIGHT_PREPASS_OFF EFFECT_HUE_VARIATION BILLBOARD_FACE_CAMERA_POS ok=1
Cmd: compileSnippet
  api=0 type=0 insize=108577 outsize=9641 kw=LIGHTMAP_OFF DIRLIGHTMAP_OFF DYNAMICLIGHTMAP_OFF UNITY_HDR_ON LOD_FADE_CROSSFADE EFFECT_BUMP BILLBOARD_FACE_CAMERA_POS ok=1
Cmd: compileSnippet
  api=0 type=0 insize=108577 outsize=10215 kw=LIGHTMAP_OFF DIRLIGHTMAP_OFF DYNAMICLIGHTMAP_OFF UNITY_HDR_ON LOD_FADE_CROSSFADE EFFECT_BUMP EFFECT_HUE_VARIATION BILLBOARD_FACE_CAMERA_POS ok=1
Cmd: compileSnippet
  api=0 type=1 insize=108577 outsize=6 kw=LIGHTMAP_OFF DIRLIGHTMAP_OFF DYNAMICLIGHTMAP_OFF UNITY_HDR_ON ok=1
Cmd: compileSnippet
  api=0 type=1 insize=108577 outsize=6 kw=LIGHTMAP_OFF DIRLIGHTMAP_OFF DYNAMICLIGHTMAP_OFF UNITY_HDR_ON EFFECT_HUE_VARIATION ok=1
Cmd: compileSnippet
  api=0 type=1 insize=108577 outsize=6 kw=LIGHTMAP_OFF DIRLIGHTMAP_OFF DYNAMICLIGHTMAP_OFF UNITY_HDR_ON EFFECT_BUMP ok=1
Cmd: compileSnippet
  api=0 type=1 insize=108577 outsize=6 kw=LIGHTMAP_OFF DIRLIGHTMAP_OFF DYNAMICLIGHTMAP_OFF HDR_LIGHT_PREPASS_OFF EFFECT_BUMP EFFECT_HUE_VARIATION ok=1
Cmd: compileSnippet
  api=0 type=1 insize=108577 outsize=6 kw=LIGHTMAP_OFF DIRLIGHTMAP_OFF DYNAMICLIGHTMAP_OFF UNITY_HDR_ON BILLBOARD_FACE_CAMERA_POS ok=1
Cmd: compileSnippet
  api=0 type=1 insize=108577 outsize=6 kw=LIGHTMAP_OFF DIRLIGHTMAP_OFF DYNAMICLIGHTMAP_OFF UNITY_HDR_ON EFFECT_HUE_VARIATION BILLBOARD_FACE_CAMERA_POS ok=1
Cmd: compileSnippet
  api=0 type=1 insize=108577 outsize=6 kw=LIGHTMAP_OFF DIRLIGHTMAP_OFF DYNAMICLIGHTMAP_OFF HDR_LIGHT_PREPASS_OFF EFFECT_BUMP BILLBOARD_FACE_CAMERA_POS ok=1
Cmd: compileSnippet
  api=0 type=1 insize=108577 outsize=6 kw=LIGHTMAP_OFF DIRLIGHTMAP_OFF DYNAMICLIGHTMAP_OFF HDR_LIGHT_PREPASS_OFF EFFECT_BUMP EFFECT_HUE_VARIATION BILLBOARD_FACE_CAMERA_POS ok=1
Cmd: compileSnippet
  api=0 type=1 insize=108577 outsize=6 kw=LIGHTMAP_OFF DIRLIGHTMAP_OFF DYNAMICLIGHTMAP_OFF LOD_FADE_CROSSFADE HDR_LIGHT_PREPASS_OFF ok=1
Cmd: compileSnippet
  api=0 type=1 insize=108577 outsize=6 kw=LIGHTMAP_OFF DIRLIGHTMAP_OFF DYNAMICLIGHTMAP_OFF LOD_FADE_CROSSFADE HDR_LIGHT_PREPASS_OFF EFFECT_HUE_VARIATION ok=1
Cmd: compileSnippet
  api=0 type=1 insize=108577 outsize=6 kw=LIGHTMAP_OFF DIRLIGHTMAP_OFF DYNAMICLIGHTMAP_OFF LOD_FADE_CROSSFADE HDR_LIGHT_PREPASS_OFF EFFECT_BUMP ok=1
Cmd: compileSnippet
  api=0 type=1 insize=108577 outsize=6 kw=LIGHTMAP_OFF DIRLIGHTMAP_OFF DYNAMICLIGHTMAP_OFF UNITY_HDR_ON LOD_FADE_CROSSFADE EFFECT_BUMP EFFECT_HUE_VARIATION ok=1
Cmd: compileSnippet
  api=0 type=1 insize=108577 outsize=6 kw=LIGHTMAP_OFF DIRLIGHTMAP_OFF DYNAMICLIGHTMAP_OFF LOD_FADE_CROSSFADE HDR_LIGHT_PREPASS_OFF BILLBOARD_FACE_CAMERA_POS ok=1
Cmd: compileSnippet
  api=0 type=1 insize=108577 outsize=6 kw=LIGHTMAP_OFF DIRLIGHTMAP_OFF DYNAMICLIGHTMAP_OFF LOD_FADE_CROSSFADE HDR_LIGHT_PREPASS_OFF EFFECT_HUE_VARIATION BILLBOARD_FACE_CAMERA_POS ok=1
Cmd: compileSnippet
  api=0 type=1 insize=108577 outsize=6 kw=LIGHTMAP_OFF DIRLIGHTMAP_OFF DYNAMICLIGHTMAP_OFF LOD_FADE_CROSSFADE HDR_LIGHT_PREPASS_OFF EFFECT_BUMP BILLBOARD_FACE_CAMERA_POS ok=1
Cmd: compileSnippet
  api=0 type=1 insize=108577 outsize=6 kw=LIGHTMAP_OFF DIRLIGHTMAP_OFF DYNAMICLIGHTMAP_OFF LOD_FADE_CROSSFADE HDR_LIGHT_PREPASS_OFF EFFECT_BUMP EFFECT_HUE_VARIATION BILLBOARD_FACE_CAMERA_POS ok=1
Cmd: compileSnippet
  api=0 type=0 insize=1171 outsize=7401 kw=EFFECT_HUE_VARIATION ok=1
Cmd: compileSnippet
  api=0 type=0 insize=1171 outsize=9100 kw=EFFECT_HUE_VARIATION BILLBOARD_FACE_CAMERA_POS ok=1
Cmd: compileSnippet
  api=0 type=0 insize=1171 outsize=8367 kw=LOD_FADE_CROSSFADE EFFECT_HUE_VARIATION ok=1
Cmd: compileSnippet
  api=0 type=0 insize=1171 outsize=10066 kw=LOD_FADE_CROSSFADE EFFECT_HUE_VARIATION BILLBOARD_FACE_CAMERA_POS ok=1
Cmd: compileSnippet
  api=0 type=1 insize=1171 outsize=6 kw=EFFECT_HUE_VARIATION ok=1
Cmd: compileSnippet
  api=0 type=1 insize=1171 outsize=6 kw=EFFECT_HUE_VARIATION BILLBOARD_FACE_CAMERA_POS ok=1
Cmd: compileSnippet
  api=0 type=1 insize=1171 outsize=6 kw=LOD_FADE_CROSSFADE EFFECT_HUE_VARIATION ok=1
Cmd: compileSnippet
  api=0 type=1 insize=1171 outsize=6 kw=LOD_FADE_CROSSFADE EFFECT_HUE_VARIATION BILLBOARD_FACE_CAMERA_POS ok=1
Cmd: compileSnippet
  api=0 type=0 insize=13954 outsize=4646 kw=DIRECTIONAL SHADOWS_SCREEN LIGHTMAP_OFF DIRLIGHTMAP_OFF DYNAMICLIGHTMAP_OFF ok=1
Cmd: compileSnippet
  api=0 type=0 insize=13954 outsize=5891 kw=DIRECTIONAL SHADOWS_SCREEN LIGHTMAP_OFF DIRLIGHTMAP_OFF DYNAMICLIGHTMAP_OFF VERTEXLIGHT_ON ok=1
Cmd: compileSnippet
  api=0 type=0 insize=13954 outsize=5885 kw=DIRECTIONAL SHADOWS_SCREEN LIGHTMAP_OFF DIRLIGHTMAP_OFF DYNAMICLIGHTMAP_OFF EFFECT_BUMP ok=1
Cmd: compileSnippet
  api=0 type=0 insize=13954 outsize=7087 kw=DIRECTIONAL SHADOWS_SCREEN LIGHTMAP_OFF DIRLIGHTMAP_OFF DYNAMICLIGHTMAP_OFF VERTEXLIGHT_ON EFFECT_BUMP ok=1
Cmd: compileSnippet
  api=0 type=1 insize=13954 outsize=6 kw=DIRECTIONAL SHADOWS_SCREEN LIGHTMAP_OFF DIRLIGHTMAP_OFF DYNAMICLIGHTMAP_OFF ok=1
Cmd: compileSnippet
  api=0 type=1 insize=13954 outsize=6 kw=DIRECTIONAL SHADOWS_SCREEN LIGHTMAP_OFF DIRLIGHTMAP_OFF DYNAMICLIGHTMAP_OFF EFFECT_BUMP ok=1
Cmd: compileSnippet
  api=0 type=0 insize=8639 outsize=3293 kw=DIRECTIONAL ok=1
Cmd: compileSnippet
  api=0 type=0 insize=8639 outsize=3763 kw=SPOT ok=1
Cmd: compileSnippet
  api=0 type=0 insize=8639 outsize=3524 kw=DIRECTIONAL_COOKIE ok=1
Cmd: compileSnippet
  api=0 type=0 insize=8639 outsize=4490 kw=DIRECTIONAL EFFECT_BUMP ok=1
Cmd: compileSnippet
  api=0 type=0 insize=8639 outsize=4909 kw=POINT_COOKIE EFFECT_BUMP ok=1
Cmd: compileSnippet
  api=0 type=1 insize=8639 outsize=6 kw=DIRECTIONAL ok=1
Cmd: compileSnippet
  api=0 type=1 insize=8639 outsize=6 kw=POINT_COOKIE ok=1
Cmd: compileSnippet
  api=0 type=1 insize=8639 outsize=6 kw=POINT EFFECT_BUMP ok=1
Cmd: compileSnippet
  api=0 type=1 insize=8639 outsize=6 kw=SPOT EFFECT_BUMP ok=1
Cmd: compileSnippet
  api=0 type=1 insize=8639 outsize=6 kw=POINT_COOKIE EFFECT_BUMP ok=1
Cmd: compileSnippet
  api=0 type=0 insize=7335 outsize=4255 kw=EFFECT_BUMP ok=1
Cmd: compileSnippet
  api=0 type=1 insize=7335 outsize=6 kw=EFFECT_BUMP ok=1
Cmd: compileSnippet
  api=0 type=0 insize=12104 outsize=4560 kw=LIGHTMAP_OFF DIRLIGHTMAP_OFF DYNAMICLIGHTMAP_OFF UNITY_HDR_ON ok=1
Cmd: compileSnippet
  api=0 type=0 insize=12104 outsize=4524 kw=LIGHTMAP_OFF DIRLIGHTMAP_OFF DYNAMICLIGHTMAP_OFF HDR_LIGHT_PREPASS_OFF EFFECT_BUMP ok=1
Cmd: compileSnippet
  api=0 type=1 insize=12104 outsize=6 kw=LIGHTMAP_OFF DIRLIGHTMAP_OFF DYNAMICLIGHTMAP_OFF UNITY_HDR_ON ok=1
Cmd: compileSnippet
  api=0 type=1 insize=12104 outsize=6 kw=LIGHTMAP_OFF DIRLIGHTMAP_OFF DYNAMICLIGHTMAP_OFF UNITY_HDR_ON EFFECT_BUMP ok=1
Cmd: compileSnippet
  api=0 type=0 insize=13071 outsize=4481 kw=LIGHTMAP_OFF DIRLIGHTMAP_OFF DYNAMICLIGHTMAP_OFF HDR_LIGHT_PREPASS_OFF ok=1
Cmd: compileSnippet
  api=0 type=0 insize=13071 outsize=5614 kw=LIGHTMAP_OFF DIRLIGHTMAP_OFF DYNAMICLIGHTMAP_OFF UNITY_HDR_ON EFFECT_BUMP ok=1
Cmd: compileSnippet
  api=0 type=1 insize=13071 outsize=6 kw=LIGHTMAP_OFF DIRLIGHTMAP_OFF DYNAMICLIGHTMAP_OFF UNITY_HDR_ON ok=1
Cmd: compileSnippet
  api=0 type=1 insize=13071 outsize=6 kw=LIGHTMAP_OFF DIRLIGHTMAP_OFF DYNAMICLIGHTMAP_OFF UNITY_HDR_ON EFFECT_BUMP ok=1
Cmd: compileSnippet
  api=0 type=0 insize=393 outsize=2420 kw=DIRECTIONAL SHADOWS_SCREEN LIGHTMAP_OFF DIRLIGHTMAP_OFF DYNAMICLIGHTMAP_OFF VERTEXLIGHT_ON ok=1
Cmd: compileSnippet
  api=0 type=0 insize=393 outsize=3696 kw=DIRECTIONAL SHADOWS_SCREEN LIGHTMAP_OFF DIRLIGHTMAP_OFF DYNAMICLIGHTMAP_OFF VERTEXLIGHT_ON ok=1
Cmd: compileSnippet
  api=0 type=0 insize=393 outsize=2420 kw=DIRECTIONAL SHADOWS_SCREEN LIGHTMAP_OFF DIRLIGHTMAP_OFF DYNAMICLIGHTMAP_OFF VERTEXLIGHT_ON ok=1
Cmd: compileSnippet
  api=0 type=0 insize=393 outsize=2420 kw=DIRECTIONAL SHADOWS_SCREEN LIGHTMAP_OFF DIRLIGHTMAP_OFF DYNAMICLIGHTMAP_OFF VERTEXLIGHT_ON ok=1
Cmd: compileSnippet
  api=0 type=0 insize=393 outsize=2420 kw=DIRECTIONAL SHADOWS_SCREEN LIGHTMAP_OFF DIRLIGHTMAP_OFF DYNAMICLIGHTMAP_OFF VERTEXLIGHT_ON ok=1
Cmd: compileSnippet
  api=0 type=0 insize=541 outsize=487 kw=SHADOWS_CUBE ok=1
Cmd: compileSnippet
  api=0 type=1 insize=541 outsize=6 kw=SHADOWS_CUBE ok=1
Cmd: compileSnippet
  api=0 type=0 insize=6810 outsize=4012 kw=DIRECTIONAL SHADOWS_SCREEN LIGHTMAP_OFF DIRLIGHTMAP_OFF DYNAMICLIGHTMAP_OFF VERTEXLIGHT_ON ok=1
Cmd: compileSnippet
  api=0 type=0 insize=3647 outsize=1959 kw=SPOT ok=1
Cmd: compileSnippet
  api=0 type=0 insize=3647 outsize=1720 kw=DIRECTIONAL_COOKIE ok=1
Cmd: compileSnippet
  api=0 type=1 insize=3647 outsize=6 kw=SPOT ok=1
Cmd: compileSnippet
  api=0 type=1 insize=3647 outsize=6 kw=DIRECTIONAL_COOKIE ok=1
Cmd: compileSnippet
  api=0 type=0 insize=5995 outsize=2724 kw=LIGHTMAP_OFF DIRLIGHTMAP_OFF DYNAMICLIGHTMAP_OFF UNITY_HDR_ON ok=1
Cmd: compileSnippet
  api=0 type=1 insize=5995 outsize=6 kw=LIGHTMAP_OFF DIRLIGHTMAP_OFF DYNAMICLIGHTMAP_OFF UNITY_HDR_ON ok=1
Cmd: compileSnippet
  api=0 type=0 insize=5928 outsize=2539 kw=LIGHTMAP_OFF DIRLIGHTMAP_OFF DYNAMICLIGHTMAP_OFF UNITY_HDR_ON ok=1
Cmd: compileSnippet
  api=0 type=1 insize=5928 outsize=6 kw=LIGHTMAP_OFF DIRLIGHTMAP_OFF DYNAMICLIGHTMAP_OFF UNITY_HDR_ON ok=1
Cmd: compileSnippet
  api=0 type=0 insize=1275 outsize=2533 kw=DIRECTIONAL SHADOWS_OFF ok=1
Cmd: compileSnippet
  api=0 type=0 insize=1275 outsize=3063 kw=SPOT SHADOWS_OFF ok=1
Cmd: compileSnippet
  api=0 type=0 insize=1275 outsize=2785 kw=DIRECTIONAL_COOKIE SHADOWS_OFF ok=1
Cmd: compileSnippet
  api=0 type=0 insize=1275 outsize=2849 kw=DIRECTIONAL SHADOWS_SCREEN ok=1
Cmd: compileSnippet
  api=0 type=0 insize=1275 outsize=3266 kw=POINT SHADOWS_CUBE ok=1
Cmd: compileSnippet
  api=0 type=0 insize=1275 outsize=4078 kw=SPOT SHADOWS_DEPTH SHADOWS_SOFT SHADOWS_NATIVE ok=1
Cmd: compileSnippet
  api=0 type=0 insize=1275 outsize=4413 kw=POINT_COOKIE SHADOWS_CUBE SHADOWS_SOFT ok=1
Cmd: compileSnippet
  api=0 type=1 insize=1275 outsize=6 kw=DIRECTIONAL SHADOWS_OFF ok=1
Cmd: compileSnippet
  api=0 type=1 insize=1275 outsize=6 kw=POINT_COOKIE SHADOWS_OFF ok=1
Cmd: compileSnippet
  api=0 type=1 insize=1275 outsize=6 kw=DIRECTIONAL_COOKIE SHADOWS_OFF ok=1
Cmd: compileSnippet
  api=0 type=1 insize=1275 outsize=6 kw=DIRECTIONAL SHADOWS_SCREEN ok=1
Cmd: compileSnippet
  api=0 type=1 insize=1275 outsize=6 kw=POINT SHADOWS_CUBE ok=1
Cmd: compileSnippet
  api=0 type=1 insize=1275 outsize=6 kw=SPOT SHADOWS_DEPTH SHADOWS_SOFT SHADOWS_NATIVE ok=1
Cmd: compileSnippet
  api=0 type=1 insize=1275 outsize=6 kw=POINT_COOKIE SHADOWS_CUBE SHADOWS_SOFT ok=1
Cmd: compileSnippet
  api=0 type=0 insize=1268 outsize=2524 kw=DIRECTIONAL SHADOWS_OFF ok=1
Cmd: compileSnippet
  api=0 type=0 insize=1268 outsize=3054 kw=SPOT SHADOWS_OFF ok=1
Cmd: compileSnippet
  api=0 type=0 insize=1268 outsize=2776 kw=DIRECTIONAL_COOKIE SHADOWS_OFF ok=1
Cmd: compileSnippet
  api=0 type=0 insize=1268 outsize=2840 kw=DIRECTIONAL SHADOWS_SCREEN ok=1
Cmd: compileSnippet
  api=0 type=0 insize=1268 outsize=3257 kw=POINT SHADOWS_CUBE ok=1
Cmd: compileSnippet
  api=0 type=0 insize=1268 outsize=4069 kw=SPOT SHADOWS_DEPTH SHADOWS_SOFT SHADOWS_NATIVE ok=1
Cmd: compileSnippet
  api=0 type=0 insize=1268 outsize=4404 kw=POINT_COOKIE SHADOWS_CUBE SHADOWS_SOFT ok=1
Cmd: compileSnippet
  api=0 type=1 insize=1268 outsize=6 kw=DIRECTIONAL SHADOWS_OFF ok=1
Cmd: compileSnippet
  api=0 type=1 insize=1268 outsize=6 kw=POINT_COOKIE SHADOWS_OFF ok=1
Cmd: compileSnippet
  api=0 type=1 insize=1268 outsize=6 kw=DIRECTIONAL_COOKIE SHADOWS_OFF ok=1
Cmd: compileSnippet
  api=0 type=1 insize=1268 outsize=6 kw=DIRECTIONAL SHADOWS_SCREEN ok=1
Cmd: compileSnippet
  api=0 type=1 insize=1268 outsize=6 kw=POINT SHADOWS_CUBE ok=1
Cmd: compileSnippet
  api=0 type=1 insize=1268 outsize=6 kw=SPOT SHADOWS_DEPTH SHADOWS_SOFT SHADOWS_NATIVE ok=1
Cmd: compileSnippet
  api=0 type=1 insize=1268 outsize=6 kw=POINT_COOKIE SHADOWS_CUBE SHADOWS_SOFT ok=1
Cmd: compileSnippet
  api=0 type=0 insize=1273 outsize=2529 kw=DIRECTIONAL SHADOWS_OFF ok=1
Cmd: compileSnippet
  api=0 type=0 insize=1273 outsize=3059 kw=SPOT SHADOWS_OFF ok=1
Cmd: compileSnippet
  api=0 type=0 insize=1273 outsize=2781 kw=DIRECTIONAL_COOKIE SHADOWS_OFF ok=1
Cmd: compileSnippet
  api=0 type=0 insize=1273 outsize=2845 kw=DIRECTIONAL SHADOWS_SCREEN ok=1
Cmd: compileSnippet
  api=0 type=0 insize=1273 outsize=3262 kw=POINT SHADOWS_CUBE ok=1
Cmd: compileSnippet
  api=0 type=0 insize=1273 outsize=4074 kw=SPOT SHADOWS_DEPTH SHADOWS_SOFT SHADOWS_NATIVE ok=1
Cmd: compileSnippet
  api=0 type=0 insize=1273 outsize=4409 kw=POINT_COOKIE SHADOWS_CUBE SHADOWS_SOFT ok=1
Cmd: compileSnippet
  api=0 type=1 insize=1273 outsize=6 kw=DIRECTIONAL SHADOWS_OFF ok=1
Cmd: compileSnippet
  api=0 type=1 insize=1273 outsize=6 kw=SPOT SHADOWS_OFF ok=1
Cmd: compileSnippet
  api=0 type=1 insize=1273 outsize=6 kw=DIRECTIONAL_COOKIE SHADOWS_OFF ok=1
Cmd: compileSnippet
  api=0 type=1 insize=1273 outsize=6 kw=DIRECTIONAL SHADOWS_SCREEN ok=1
Cmd: compileSnippet
  api=0 type=1 insize=1273 outsize=6 kw=POINT SHADOWS_CUBE ok=1
Cmd: compileSnippet
  api=0 type=1 insize=1273 outsize=6 kw=SPOT SHADOWS_DEPTH SHADOWS_SOFT SHADOWS_NATIVE ok=1
Cmd: compileSnippet
  api=0 type=1 insize=1273 outsize=6 kw=POINT_COOKIE SHADOWS_CUBE SHADOWS_SOFT ok=1
Cmd: compileSnippet
  api=0 type=0 insize=1934 outsize=3591 kw=DIRECTIONAL SHADOWS_OFF ok=1
Cmd: compileSnippet
  api=0 type=0 insize=1934 outsize=4184 kw=SPOT SHADOWS_OFF ok=1
Cmd: compileSnippet
  api=0 type=0 insize=1934 outsize=3860 kw=DIRECTIONAL_COOKIE SHADOWS_OFF ok=1
Cmd: compileSnippet
  api=0 type=0 insize=1934 outsize=4104 kw=DIRECTIONAL SHADOWS_SCREEN ok=1
Cmd: compileSnippet
  api=0 type=0 insize=1934 outsize=4358 kw=POINT SHADOWS_CUBE ok=1
Cmd: compileSnippet
  api=0 type=0 insize=1934 outsize=5379 kw=SPOT SHADOWS_DEPTH SHADOWS_SOFT SHADOWS_NATIVE ok=1
Cmd: compileSnippet
  api=0 type=0 insize=1934 outsize=5499 kw=POINT_COOKIE SHADOWS_CUBE SHADOWS_SOFT ok=1
Cmd: compileSnippet
  api=0 type=0 insize=1934 outsize=4175 kw=SPOT SHADOWS_OFF UNITY_HDR_ON ok=1
Cmd: compileSnippet
  api=0 type=0 insize=1934 outsize=3851 kw=DIRECTIONAL_COOKIE SHADOWS_OFF UNITY_HDR_ON ok=1
Cmd: compileSnippet
  api=0 type=0 insize=1934 outsize=4095 kw=DIRECTIONAL SHADOWS_SCREEN UNITY_HDR_ON ok=1
Cmd: compileSnippet
  api=0 type=0 insize=1934 outsize=4349 kw=POINT SHADOWS_CUBE UNITY_HDR_ON ok=1
Cmd: compileSnippet
  api=0 type=0 insize=1934 outsize=5370 kw=SPOT SHADOWS_DEPTH SHADOWS_SOFT SHADOWS_NATIVE UNITY_HDR_ON ok=1
Cmd: compileSnippet
  api=0 type=0 insize=1934 outsize=5490 kw=POINT_COOKIE SHADOWS_CUBE SHADOWS_SOFT UNITY_HDR_ON ok=1
Cmd: compileSnippet
  api=0 type=1 insize=1934 outsize=6 kw=DIRECTIONAL SHADOWS_OFF ok=1
Cmd: compileSnippet
  api=0 type=1 insize=1934 outsize=6 kw=SPOT SHADOWS_OFF ok=1
Cmd: compileSnippet
  api=0 type=1 insize=1934 outsize=6 kw=DIRECTIONAL_COOKIE SHADOWS_OFF ok=1
Cmd: compileSnippet
  api=0 type=1 insize=1934 outsize=6 kw=DIRECTIONAL SHADOWS_SCREEN ok=1
Cmd: compileSnippet
  api=0 type=1 insize=1934 outsize=6 kw=POINT SHADOWS_CUBE ok=1
Cmd: compileSnippet
  api=0 type=1 insize=1934 outsize=6 kw=POINT SHADOWS_CUBE SHADOWS_SOFT ok=1
Cmd: compileSnippet
  api=0 type=1 insize=1934 outsize=6 kw=POINT SHADOWS_OFF UNITY_HDR_ON ok=1
Cmd: compileSnippet
  api=0 type=1 insize=1934 outsize=6 kw=SPOT SHADOWS_OFF UNITY_HDR_ON ok=1
Cmd: compileSnippet
  api=0 type=1 insize=1934 outsize=6 kw=DIRECTIONAL_COOKIE SHADOWS_OFF UNITY_HDR_ON ok=1
Cmd: compileSnippet
  api=0 type=1 insize=1934 outsize=6 kw=SPOT SHADOWS_DEPTH SHADOWS_NATIVE UNITY_HDR_ON ok=1
Cmd: compileSnippet
  api=0 type=1 insize=1934 outsize=6 kw=DIRECTIONAL_COOKIE SHADOWS_SCREEN UNITY_HDR_ON ok=1
Cmd: compileSnippet
  api=0 type=1 insize=1934 outsize=6 kw=POINT_COOKIE SHADOWS_CUBE UNITY_HDR_ON ok=1
Cmd: compileSnippet
  api=0 type=1 insize=1934 outsize=6 kw=POINT SHADOWS_CUBE SHADOWS_SOFT UNITY_HDR_ON ok=1
End of pipe

Quitting shader compiler process
